<?xml version="1.0" encoding="UTF-8"?>
<testsuite xmlns:xsi="http://www.w3.org/2001/XMLSchema-instance" xsi:noNamespaceSchemaLocation="https://maven.apache.org/surefire/maven-surefire-plugin/xsd/surefire-test-report.xsd" version="3.0.2" name="com.example.onboarding_system.OnboardingSystemApplicationTests" time="2.402" tests="1" errors="0" skipped="0" failures="0">
  <properties>
[...]
</properties>
  <testcase name="contextLoads" classname="com.example.onboarding_system.OnboardingSystemApplicationTests" time="0.329">
    <system-out><![CDATA[17:51:19.588 [main] INFO org.springframework.test.context.support.AnnotationConfigContextLoaderUtils -- Could not detect default configuration classes for test class [com.example.onboarding_system.OnboardingSystemApplicationTests]: OnboardingSystemApplicationTests does not declare any static, non-private, non-final, nested classes annotated with @Configuration.
17:51:19.646 [main] INFO org.springframework.boot.test.context.SpringBootTestContextBootstrapper -- Found @SpringBootConfiguration com.example.onboarding_system.OnboardingSystemApplication for test class com.example.onboarding_system.OnboardingSystemApplicationTests

  .   ____          _            __ _ _
 /\\ / ___'_ __ _ _(_)_ __  __ _ \ \ \ \
( ( )\___ | '_ | '_| | '_ \/ _` | \ \ \ \
 \\/  ___)| |_)| | | | | || (_| |  ) ) ) )
  '  |____| .__|_| |_|_| |_\__, | / / / /
 =========|_|==============|___/=/_/_/_/

 :: Spring Boot ::                (v3.4.0)

2024-12-03T17:51:19.844+01:00  INFO 15630 --- [onboarding_system] [           main] c.e.o.OnboardingSystemApplicationTests   : Starting OnboardingSystemApplicationTests using Java 23 with PID 15630 (started by berkinozturk in /Users/berkinozturk/Desktop/onboarding-solution)
2024-12-03T17:51:19.845+01:00  INFO 15630 --- [onboarding_system] [           main] c.e.o.OnboardingSystemApplicationTests   : No active profile set, falling back to 1 default profile: "default"
2024-12-03T17:51:19.845+01:00 DEBUG 15630 --- [onboarding_system] [           main] o.s.boot.SpringApplication               : Loading source class com.example.onboarding_system.OnboardingSystemApplication
2024-12-03T17:51:19.862+01:00 DEBUG 15630 --- [onboarding_system] [           main] o.s.w.c.s.GenericWebApplicationContext   : Refreshing org.springframework.web.context.support.GenericWebApplicationContext@1e392345
2024-12-03T17:51:19.871+01:00 DEBUG 15630 --- [onboarding_system] [           main] o.s.b.f.s.DefaultListableBeanFactory     : Creating shared instance of singleton bean 'org.springframework.context.annotation.internalConfigurationAnnotationProcessor'
2024-12-03T17:51:19.877+01:00 DEBUG 15630 --- [onboarding_system] [           main] o.s.b.f.s.DefaultListableBeanFactory     : Creating shared instance of singleton bean 'org.springframework.boot.autoconfigure.internalCachingMetadataReaderFactory'
2024-12-03T17:51:19.898+01:00 DEBUG 15630 --- [onboarding_system] [           main] o.s.c.a.ClassPathBeanDefinitionScanner   : Identified candidate component class: file [/Users/berkinozturk/Desktop/onboarding-solution/target/classes/com/example/onboarding_system/controller/AssignmentController.class]
2024-12-03T17:51:19.900+01:00 DEBUG 15630 --- [onboarding_system] [           main] o.s.c.a.ClassPathBeanDefinitionScanner   : Ignored because not a concrete top-level class: file [/Users/berkinozturk/Desktop/onboarding-solution/target/classes/com/example/onboarding_system/repository/EmployeeRepository.class]
2024-12-03T17:51:19.901+01:00 DEBUG 15630 --- [onboarding_system] [           main] o.s.c.a.ClassPathBeanDefinitionScanner   : Ignored because not a concrete top-level class: file [/Users/berkinozturk/Desktop/onboarding-solution/target/classes/com/example/onboarding_system/repository/TaskRepository.class]
2024-12-03T17:51:19.901+01:00 DEBUG 15630 --- [onboarding_system] [           main] o.s.c.a.ClassPathBeanDefinitionScanner   : Ignored because not a concrete top-level class: file [/Users/berkinozturk/Desktop/onboarding-solution/target/classes/com/example/onboarding_system/repository/TrainingModuleRepository.class]
2024-12-03T17:51:19.901+01:00 DEBUG 15630 --- [onboarding_system] [           main] o.s.c.a.ClassPathBeanDefinitionScanner   : Identified candidate component class: file [/Users/berkinozturk/Desktop/onboarding-solution/target/classes/com/example/onboarding_system/service/AssignmentService.class]
2024-12-03T17:51:19.901+01:00 DEBUG 15630 --- [onboarding_system] [           main] o.s.c.a.ClassPathBeanDefinitionScanner   : Identified candidate component class: file [/Users/berkinozturk/Desktop/onboarding-solution/target/classes/com/example/onboarding_system/service/EmployeeService.class]
2024-12-03T17:51:20.149+01:00  INFO 15630 --- [onboarding_system] [           main] .s.d.r.c.RepositoryConfigurationDelegate : Bootstrapping Spring Data JPA repositories in DEFAULT mode.
2024-12-03T17:51:20.154+01:00 DEBUG 15630 --- [onboarding_system] [           main] o.s.b.f.s.DefaultListableBeanFactory     : Creating shared instance of singleton bean 'org.springframework.boot.autoconfigure.AutoConfigurationPackages'
2024-12-03T17:51:20.157+01:00 DEBUG 15630 --- [onboarding_system] [           main] o.s.b.a.AutoConfigurationPackages        : @EnableAutoConfiguration was declared on a class in the package 'com.example.onboarding_system'. Automatic @Repository and @Entity scanning is enabled.
2024-12-03T17:51:20.157+01:00 DEBUG 15630 --- [onboarding_system] [           main] .s.d.r.c.RepositoryConfigurationDelegate : Scanning for JPA repositories in packages com.example.onboarding_system.
2024-12-03T17:51:20.161+01:00 DEBUG 15630 --- [onboarding_system] [           main] o.s.d.r.c.RepositoryComponentProvider    : Identified candidate component class: file [/Users/berkinozturk/Desktop/onboarding-solution/target/classes/com/example/onboarding_system/repository/EmployeeRepository.class]
2024-12-03T17:51:20.161+01:00 DEBUG 15630 --- [onboarding_system] [           main] o.s.d.r.c.RepositoryComponentProvider    : Identified candidate component class: file [/Users/berkinozturk/Desktop/onboarding-solution/target/classes/com/example/onboarding_system/repository/TaskRepository.class]
2024-12-03T17:51:20.161+01:00 DEBUG 15630 --- [onboarding_system] [           main] o.s.d.r.c.RepositoryComponentProvider    : Identified candidate component class: file [/Users/berkinozturk/Desktop/onboarding-solution/target/classes/com/example/onboarding_system/repository/TrainingModuleRepository.class]
2024-12-03T17:51:20.182+01:00  INFO 15630 --- [onboarding_system] [           main] .s.d.r.c.RepositoryConfigurationDelegate : Finished Spring Data repository scanning in 24 ms. Found 3 JPA repository interfaces.
2024-12-03T17:51:20.260+01:00 DEBUG 15630 --- [onboarding_system] [           main] o.s.b.f.s.DefaultListableBeanFactory     : Creating shared instance of singleton bean 'propertySourcesPlaceholderConfigurer'
2024-12-03T17:51:20.265+01:00 DEBUG 15630 --- [onboarding_system] [           main] o.s.b.f.s.DefaultListableBeanFactory     : Creating shared instance of singleton bean 'org.springframework.boot.test.mock.mockito.MockitoPostProcessor'
2024-12-03T17:51:20.266+01:00 DEBUG 15630 --- [onboarding_system] [           main] o.s.b.f.s.DefaultListableBeanFactory     : Creating shared instance of singleton bean 'emBeanDefinitionRegistrarPostProcessor'
2024-12-03T17:51:20.266+01:00 DEBUG 15630 --- [onboarding_system] [           main] o.s.b.f.s.DefaultListableBeanFactory     : Creating shared instance of singleton bean 'org.springframework.boot.sql.init.dependency.DatabaseInitializationDependencyConfigurer$DependsOnDatabaseInitializationPostProcessor'
2024-12-03T17:51:20.285+01:00 DEBUG 15630 --- [onboarding_system] [           main] o.s.b.f.s.DefaultListableBeanFactory     : Creating shared instance of singleton bean 'org.springframework.context.event.internalEventListenerProcessor'
2024-12-03T17:51:20.286+01:00 DEBUG 15630 --- [onboarding_system] [           main] o.s.b.f.s.DefaultListableBeanFactory     : Creating shared instance of singleton bean 'preserveErrorControllerTargetClassPostProcessor'
2024-12-03T17:51:20.287+01:00 DEBUG 15630 --- [onboarding_system] [           main] o.s.b.f.s.DefaultListableBeanFactory     : Creating shared instance of singleton bean 'org.springframework.context.event.internalEventListenerFactory'
2024-12-03T17:51:20.287+01:00 DEBUG 15630 --- [onboarding_system] [           main] o.s.b.f.s.DefaultListableBeanFactory     : Creating shared instance of singleton bean 'org.springframework.transaction.config.internalTransactionalEventListenerFactory'
2024-12-03T17:51:20.288+01:00 DEBUG 15630 --- [onboarding_system] [           main] o.s.b.f.s.DefaultListableBeanFactory     : Creating shared instance of singleton bean 'org.springframework.boot.test.mock.mockito.MockitoPostProcessor$SpyPostProcessor'
2024-12-03T17:51:20.289+01:00 DEBUG 15630 --- [onboarding_system] [           main] o.s.b.f.s.DefaultListableBeanFactory     : Creating shared instance of singleton bean 'org.springframework.context.annotation.internalAutowiredAnnotationProcessor'
2024-12-03T17:51:20.289+01:00 DEBUG 15630 --- [onboarding_system] [           main] o.s.b.f.s.DefaultListableBeanFactory     : Creating shared instance of singleton bean 'org.springframework.context.annotation.internalCommonAnnotationProcessor'
2024-12-03T17:51:20.291+01:00 DEBUG 15630 --- [onboarding_system] [           main] o.s.b.f.s.DefaultListableBeanFactory     : Creating shared instance of singleton bean 'org.springframework.context.annotation.internalPersistenceAnnotationProcessor'
2024-12-03T17:51:20.291+01:00 DEBUG 15630 --- [onboarding_system] [           main] o.s.b.f.s.DefaultListableBeanFactory     : Creating shared instance of singleton bean 'org.springframework.boot.context.properties.ConfigurationPropertiesBindingPostProcessor'
2024-12-03T17:51:20.291+01:00 DEBUG 15630 --- [onboarding_system] [           main] o.s.b.f.s.DefaultListableBeanFactory     : Creating shared instance of singleton bean 'org.springframework.boot.context.internalConfigurationPropertiesBinder'
2024-12-03T17:51:20.292+01:00 DEBUG 15630 --- [onboarding_system] [           main] o.s.b.f.s.DefaultListableBeanFactory     : Creating shared instance of singleton bean 'jdbcConnectionDetailsHikariBeanPostProcessor'
2024-12-03T17:51:20.294+01:00 DEBUG 15630 --- [onboarding_system] [           main] o.s.b.f.s.DefaultListableBeanFactory     : Creating shared instance of singleton bean 'org.springframework.aop.config.internalAutoProxyCreator'
2024-12-03T17:51:20.303+01:00 DEBUG 15630 --- [onboarding_system] [           main] o.s.b.f.s.DefaultListableBeanFactory     : Creating shared instance of singleton bean 'persistenceExceptionTranslationPostProcessor'
2024-12-03T17:51:20.304+01:00 DEBUG 15630 --- [onboarding_system] [           main] o.s.b.f.s.DefaultListableBeanFactory     : Autowiring by type from bean name 'persistenceExceptionTranslationPostProcessor' via factory method to bean named 'environment'
2024-12-03T17:51:20.306+01:00 DEBUG 15630 --- [onboarding_system] [           main] o.s.b.f.s.DefaultListableBeanFactory     : Creating shared instance of singleton bean 'webServerFactoryCustomizerBeanPostProcessor'
2024-12-03T17:51:20.306+01:00 DEBUG 15630 --- [onboarding_system] [           main] o.s.b.f.s.DefaultListableBeanFactory     : Creating shared instance of singleton bean 'errorPageRegistrarBeanPostProcessor'
2024-12-03T17:51:20.306+01:00 DEBUG 15630 --- [onboarding_system] [           main] o.s.b.f.s.DefaultListableBeanFactory     : Creating shared instance of singleton bean 'projectingArgumentResolverBeanPostProcessor'
2024-12-03T17:51:20.307+01:00 DEBUG 15630 --- [onboarding_system] [           main] o.s.b.f.s.DefaultListableBeanFactory     : Creating shared instance of singleton bean 'org.springframework.transaction.config.internalTransactionAdvisor'
2024-12-03T17:51:20.307+01:00 DEBUG 15630 --- [onboarding_system] [           main] o.s.b.f.s.DefaultListableBeanFactory     : Creating shared instance of singleton bean 'org.springframework.transaction.annotation.ProxyTransactionManagementConfiguration'
2024-12-03T17:51:20.319+01:00 DEBUG 15630 --- [onboarding_system] [           main] o.s.b.f.s.DefaultListableBeanFactory     : Creating shared instance of singleton bean 'transactionAttributeSource'
2024-12-03T17:51:20.320+01:00 DEBUG 15630 --- [onboarding_system] [           main] o.s.b.f.s.DefaultListableBeanFactory     : Creating shared instance of singleton bean 'transactionInterceptor'
2024-12-03T17:51:20.320+01:00 DEBUG 15630 --- [onboarding_system] [           main] o.s.b.f.s.DefaultListableBeanFactory     : Autowiring by type from bean name 'transactionInterceptor' via factory method to bean named 'transactionAttributeSource'
2024-12-03T17:51:20.322+01:00 DEBUG 15630 --- [onboarding_system] [           main] o.s.b.f.s.DefaultListableBeanFactory     : Autowiring by type from bean name 'org.springframework.transaction.config.internalTransactionAdvisor' via factory method to bean named 'transactionAttributeSource'
2024-12-03T17:51:20.322+01:00 DEBUG 15630 --- [onboarding_system] [           main] o.s.b.f.s.DefaultListableBeanFactory     : Autowiring by type from bean name 'org.springframework.transaction.config.internalTransactionAdvisor' via factory method to bean named 'transactionInterceptor'
2024-12-03T17:51:20.330+01:00 DEBUG 15630 --- [onboarding_system] [           main] o.s.u.c.s.UiApplicationContextUtils      : Unable to locate ThemeSource with name 'themeSource': using default [org.springframework.ui.context.support.ResourceBundleThemeSource@5b20706]
2024-12-03T17:51:20.330+01:00 DEBUG 15630 --- [onboarding_system] [           main] o.s.b.f.s.DefaultListableBeanFactory     : Creating shared instance of singleton bean 'org.springframework.test.context.support.internalDynamicPropertyRegistrarBeanInitializer'
2024-12-03T17:51:20.331+01:00 DEBUG 15630 --- [onboarding_system] [           main] o.s.b.f.s.DefaultListableBeanFactory     : Creating shared instance of singleton bean 'entityManagerFactory'
2024-12-03T17:51:20.331+01:00 DEBUG 15630 --- [onboarding_system] [           main] o.s.b.f.s.DefaultListableBeanFactory     : Creating shared instance of singleton bean 'org.springframework.boot.autoconfigure.orm.jpa.HibernateJpaConfiguration'
2024-12-03T17:51:20.332+01:00 DEBUG 15630 --- [onboarding_system] [           main] o.s.b.f.s.DefaultListableBeanFactory     : Creating shared instance of singleton bean 'dataSource'
2024-12-03T17:51:20.332+01:00 DEBUG 15630 --- [onboarding_system] [           main] o.s.b.f.s.DefaultListableBeanFactory     : Creating shared instance of singleton bean 'org.springframework.boot.autoconfigure.jdbc.DataSourceConfiguration$Hikari'
2024-12-03T17:51:20.332+01:00 DEBUG 15630 --- [onboarding_system] [           main] o.s.b.f.s.DefaultListableBeanFactory     : Creating shared instance of singleton bean 'spring.datasource-org.springframework.boot.autoconfigure.jdbc.DataSourceProperties'
2024-12-03T17:51:20.333+01:00 DEBUG 15630 --- [onboarding_system] [           main] o.s.b.f.s.DefaultListableBeanFactory     : Creating shared instance of singleton bean 'org.springframework.boot.context.properties.BoundConfigurationProperties'
2024-12-03T17:51:20.339+01:00 DEBUG 15630 --- [onboarding_system] [           main] o.s.b.f.s.DefaultListableBeanFactory     : Creating shared instance of singleton bean 'jdbcConnectionDetails'
2024-12-03T17:51:20.340+01:00 DEBUG 15630 --- [onboarding_system] [           main] o.s.b.f.s.DefaultListableBeanFactory     : Creating shared instance of singleton bean 'org.springframework.boot.autoconfigure.jdbc.DataSourceAutoConfiguration$PooledDataSourceConfiguration'
2024-12-03T17:51:20.340+01:00 DEBUG 15630 --- [onboarding_system] [           main] o.s.b.f.s.DefaultListableBeanFactory     : Autowiring by type from bean name 'jdbcConnectionDetails' via factory method to bean named 'spring.datasource-org.springframework.boot.autoconfigure.jdbc.DataSourceProperties'
2024-12-03T17:51:20.341+01:00 DEBUG 15630 --- [onboarding_system] [           main] o.s.b.f.s.DefaultListableBeanFactory     : Autowiring by type from bean name 'dataSource' via factory method to bean named 'spring.datasource-org.springframework.boot.autoconfigure.jdbc.DataSourceProperties'
2024-12-03T17:51:20.341+01:00 DEBUG 15630 --- [onboarding_system] [           main] o.s.b.f.s.DefaultListableBeanFactory     : Autowiring by type from bean name 'dataSource' via factory method to bean named 'jdbcConnectionDetails'
2024-12-03T17:51:20.351+01:00 DEBUG 15630 --- [onboarding_system] [           main] o.s.b.f.s.DefaultListableBeanFactory     : Creating shared instance of singleton bean 'spring.jpa-org.springframework.boot.autoconfigure.orm.jpa.JpaProperties'
2024-12-03T17:51:20.353+01:00 DEBUG 15630 --- [onboarding_system] [           main] o.s.b.f.s.DefaultListableBeanFactory     : Creating shared instance of singleton bean 'spring.jpa.hibernate-org.springframework.boot.autoconfigure.orm.jpa.HibernateProperties'
2024-12-03T17:51:20.354+01:00 DEBUG 15630 --- [onboarding_system] [           main] o.s.b.f.s.DefaultListableBeanFactory     : Autowiring by type from bean name 'org.springframework.boot.autoconfigure.orm.jpa.HibernateJpaConfiguration' via constructor to bean named 'dataSource'
2024-12-03T17:51:20.354+01:00 DEBUG 15630 --- [onboarding_system] [           main] o.s.b.f.s.DefaultListableBeanFactory     : Autowiring by type from bean name 'org.springframework.boot.autoconfigure.orm.jpa.HibernateJpaConfiguration' via constructor to bean named 'spring.jpa-org.springframework.boot.autoconfigure.orm.jpa.JpaProperties'
2024-12-03T17:51:20.354+01:00 DEBUG 15630 --- [onboarding_system] [           main] o.s.b.f.s.DefaultListableBeanFactory     : Autowiring by type from bean name 'org.springframework.boot.autoconfigure.orm.jpa.HibernateJpaConfiguration' via constructor to bean named 'org.springframework.beans.factory.support.DefaultListableBeanFactory@6b9c69a9'
2024-12-03T17:51:20.354+01:00 DEBUG 15630 --- [onboarding_system] [           main] o.s.b.f.s.DefaultListableBeanFactory     : Autowiring by type from bean name 'org.springframework.boot.autoconfigure.orm.jpa.HibernateJpaConfiguration' via constructor to bean named 'spring.jpa.hibernate-org.springframework.boot.autoconfigure.orm.jpa.HibernateProperties'
2024-12-03T17:51:20.356+01:00 DEBUG 15630 --- [onboarding_system] [           main] o.s.b.f.s.DefaultListableBeanFactory     : Creating shared instance of singleton bean 'hikariPoolDataSourceMetadataProvider'
2024-12-03T17:51:20.356+01:00 DEBUG 15630 --- [onboarding_system] [           main] o.s.b.f.s.DefaultListableBeanFactory     : Creating shared instance of singleton bean 'org.springframework.boot.autoconfigure.jdbc.metadata.DataSourcePoolMetadataProvidersConfiguration$HikariPoolDataSourceMetadataProviderConfiguration'
2024-12-03T17:51:20.359+01:00 DEBUG 15630 --- [onboarding_system] [           main] o.s.b.f.s.DefaultListableBeanFactory     : Creating shared instance of singleton bean 'entityManagerFactoryBuilder'
2024-12-03T17:51:20.360+01:00 DEBUG 15630 --- [onboarding_system] [           main] o.s.b.f.s.DefaultListableBeanFactory     : Creating shared instance of singleton bean 'jpaVendorAdapter'
2024-12-03T17:51:20.367+01:00 DEBUG 15630 --- [onboarding_system] [           main] o.s.b.f.s.DefaultListableBeanFactory     : Autowiring by type from bean name 'entityManagerFactoryBuilder' via factory method to bean named 'jpaVendorAdapter'
2024-12-03T17:51:20.371+01:00 DEBUG 15630 --- [onboarding_system] [           main] o.s.b.f.s.DefaultListableBeanFactory     : Creating shared instance of singleton bean 'persistenceManagedTypes'
2024-12-03T17:51:20.372+01:00 DEBUG 15630 --- [onboarding_system] [           main] o.s.b.f.s.DefaultListableBeanFactory     : Autowiring by type from bean name 'persistenceManagedTypes' via factory method to bean named 'org.springframework.beans.factory.support.DefaultListableBeanFactory@6b9c69a9'
2024-12-03T17:51:20.372+01:00 DEBUG 15630 --- [onboarding_system] [           main] o.s.b.f.s.DefaultListableBeanFactory     : Autowiring by type from bean name 'persistenceManagedTypes' via factory method to bean named 'org.springframework.web.context.support.GenericWebApplicationContext@1e392345'
2024-12-03T17:51:20.376+01:00 DEBUG 15630 --- [onboarding_system] [           main] o.s.b.f.s.DefaultListableBeanFactory     : Autowiring by type from bean name 'entityManagerFactory' via factory method to bean named 'entityManagerFactoryBuilder'
2024-12-03T17:51:20.376+01:00 DEBUG 15630 --- [onboarding_system] [           main] o.s.b.f.s.DefaultListableBeanFactory     : Autowiring by type from bean name 'entityManagerFactory' via factory method to bean named 'persistenceManagedTypes'
2024-12-03T17:51:20.382+01:00 DEBUG 15630 --- [onboarding_system] [           main] j.LocalContainerEntityManagerFactoryBean : Building JPA container EntityManagerFactory for persistence unit 'default'
2024-12-03T17:51:20.389+01:00  INFO 15630 --- [onboarding_system] [           main] o.hibernate.jpa.internal.util.LogHelper  : HHH000204: Processing PersistenceUnitInfo [name: default]
2024-12-03T17:51:20.420+01:00  INFO 15630 --- [onboarding_system] [           main] org.hibernate.Version                    : HHH000412: Hibernate ORM core version 6.6.2.Final
2024-12-03T17:51:20.435+01:00  INFO 15630 --- [onboarding_system] [           main] o.h.c.internal.RegionFactoryInitiator    : HHH000026: Second-level cache disabled
2024-12-03T17:51:20.561+01:00  INFO 15630 --- [onboarding_system] [           main] o.s.o.j.p.SpringPersistenceUnitInfo      : No LoadTimeWeaver setup: ignoring JPA class transformer
2024-12-03T17:51:20.573+01:00  INFO 15630 --- [onboarding_system] [           main] com.zaxxer.hikari.HikariDataSource       : HikariPool-1 - Starting...
2024-12-03T17:51:20.655+01:00  INFO 15630 --- [onboarding_system] [           main] com.zaxxer.hikari.pool.HikariPool        : HikariPool-1 - Added connection conn0: url=jdbc:h2:mem:onboarding_system user=SA
2024-12-03T17:51:20.656+01:00  INFO 15630 --- [onboarding_system] [           main] com.zaxxer.hikari.HikariDataSource       : HikariPool-1 - Start completed.
2024-12-03T17:51:20.665+01:00  WARN 15630 --- [onboarding_system] [           main] org.hibernate.orm.deprecation            : HHH90000025: H2Dialect does not need to be specified explicitly using 'hibernate.dialect' (remove the property setting and it will be selected by default)
2024-12-03T17:51:20.677+01:00  INFO 15630 --- [onboarding_system] [           main] org.hibernate.orm.connections.pooling    : HHH10001005: Database info:
	Database JDBC URL [Connecting through datasource 'HikariDataSource (HikariPool-1)']
	Database driver: undefined/unknown
	Database version: 2.3.232
	Autocommit mode: undefined/unknown
	Isolation level: undefined/unknown
	Minimum pool size: undefined/unknown
	Maximum pool size: undefined/unknown
2024-12-03T17:51:20.956+01:00  INFO 15630 --- [onboarding_system] [           main] o.h.m.i.EntityInstantiatorPojoStandard   : HHH000182: No default (no-argument) constructor for class: com.example.onboarding_system.model.TrainingModule (class must be instantiated by Interceptor)
2024-12-03T17:51:20.976+01:00  INFO 15630 --- [onboarding_system] [           main] o.h.m.i.EntityInstantiatorPojoStandard   : HHH000182: No default (no-argument) constructor for class: com.example.onboarding_system.model.Task (class must be instantiated by Interceptor)
2024-12-03T17:51:20.988+01:00  INFO 15630 --- [onboarding_system] [           main] o.h.m.i.EntityInstantiatorPojoStandard   : HHH000182: No default (no-argument) constructor for class: com.example.onboarding_system.model.Employee (class must be instantiated by Interceptor)
2024-12-03T17:51:21.046+01:00  INFO 15630 --- [onboarding_system] [           main] o.h.e.t.j.p.i.JtaPlatformInitiator       : HHH000489: No JTA platform available (set 'hibernate.transaction.jta.platform' to enable JTA platform integration)
2024-12-03T17:51:21.061+01:00  INFO 15630 --- [onboarding_system] [           main] j.LocalContainerEntityManagerFactoryBean : Initialized JPA EntityManagerFactory for persistence unit 'default'
2024-12-03T17:51:21.064+01:00 DEBUG 15630 --- [onboarding_system] [           main] o.s.b.f.s.DefaultListableBeanFactory     : Creating shared instance of singleton bean 'onboardingSystemApplication'
2024-12-03T17:51:21.065+01:00 DEBUG 15630 --- [onboarding_system] [           main] o.s.b.f.s.DefaultListableBeanFactory     : Creating shared instance of singleton bean 'assignmentController'
2024-12-03T17:51:21.066+01:00 DEBUG 15630 --- [onboarding_system] [           main] o.s.b.f.s.DefaultListableBeanFactory     : Creating shared instance of singleton bean 'employeeService'
2024-12-03T17:51:21.066+01:00 DEBUG 15630 --- [onboarding_system] [           main] o.s.b.f.s.DefaultListableBeanFactory     : Creating shared instance of singleton bean 'employeeRepository'
2024-12-03T17:51:21.070+01:00 DEBUG 15630 --- [onboarding_system] [           main] o.s.b.f.s.DefaultListableBeanFactory     : Creating shared instance of singleton bean 'jpa.named-queries#0'
2024-12-03T17:51:21.071+01:00 DEBUG 15630 --- [onboarding_system] [           main] o.s.b.f.s.DefaultListableBeanFactory     : Creating shared instance of singleton bean 'jpa.EmployeeRepository.fragments#0'
2024-12-03T17:51:21.074+01:00 DEBUG 15630 --- [onboarding_system] [           main] o.s.b.f.s.DefaultListableBeanFactory     : Creating shared instance of singleton bean 'jpaSharedEM_entityManagerFactory'
2024-12-03T17:51:21.102+01:00 DEBUG 15630 --- [onboarding_system] [           main] o.s.b.f.s.DefaultListableBeanFactory     : Creating shared instance of singleton bean 'jpaMappingContext'
2024-12-03T17:51:21.103+01:00 DEBUG 15630 --- [onboarding_system] [           main] .c.JpaMetamodelMappingContextFactoryBean : Initializing JpaMetamodelMappingContext…
2024-12-03T17:51:21.108+01:00 DEBUG 15630 --- [onboarding_system] [           main] .c.JpaMetamodelMappingContextFactoryBean : Finished initializing JpaMetamodelMappingContext
2024-12-03T17:51:21.120+01:00 DEBUG 15630 --- [onboarding_system] [           main] tor$SharedEntityManagerInvocationHandler : Creating new EntityManager for shared EntityManager invocation
2024-12-03T17:51:21.137+01:00 DEBUG 15630 --- [onboarding_system] [           main] tor$SharedEntityManagerInvocationHandler : Creating new EntityManager for shared EntityManager invocation
2024-12-03T17:51:21.154+01:00 DEBUG 15630 --- [onboarding_system] [           main] o.s.d.r.c.s.RepositoryFactorySupport     : Initializing repository instance for com.example.onboarding_system.repository.EmployeeRepository…
2024-12-03T17:51:21.161+01:00 DEBUG 15630 --- [onboarding_system] [           main] tor$SharedEntityManagerInvocationHandler : Creating new EntityManager for shared EntityManager invocation
2024-12-03T17:51:21.173+01:00 DEBUG 15630 --- [onboarding_system] [           main] o.s.d.r.c.s.RepositoryFactorySupport     : Finished creation of repository instance for com.example.onboarding_system.repository.EmployeeRepository.
2024-12-03T17:51:21.175+01:00 DEBUG 15630 --- [onboarding_system] [           main] o.s.b.f.s.DefaultListableBeanFactory     : Autowiring by type from bean name 'employeeService' via constructor to bean named 'employeeRepository'
2024-12-03T17:51:21.175+01:00 DEBUG 15630 --- [onboarding_system] [           main] o.s.b.f.s.DefaultListableBeanFactory     : Creating shared instance of singleton bean 'assignmentService'
2024-12-03T17:51:21.176+01:00 DEBUG 15630 --- [onboarding_system] [           main] o.s.b.f.s.DefaultListableBeanFactory     : Creating shared instance of singleton bean 'taskRepository'
2024-12-03T17:51:21.176+01:00 DEBUG 15630 --- [onboarding_system] [           main] o.s.b.f.s.DefaultListableBeanFactory     : Creating shared instance of singleton bean 'jpa.named-queries#1'
2024-12-03T17:51:21.177+01:00 DEBUG 15630 --- [onboarding_system] [           main] o.s.b.f.s.DefaultListableBeanFactory     : Creating shared instance of singleton bean 'jpa.TaskRepository.fragments#0'
2024-12-03T17:51:21.178+01:00 DEBUG 15630 --- [onboarding_system] [           main] tor$SharedEntityManagerInvocationHandler : Creating new EntityManager for shared EntityManager invocation
2024-12-03T17:51:21.181+01:00 DEBUG 15630 --- [onboarding_system] [           main] o.s.d.r.c.s.RepositoryFactorySupport     : Initializing repository instance for com.example.onboarding_system.repository.TaskRepository…
2024-12-03T17:51:21.181+01:00 DEBUG 15630 --- [onboarding_system] [           main] tor$SharedEntityManagerInvocationHandler : Creating new EntityManager for shared EntityManager invocation
2024-12-03T17:51:21.191+01:00 DEBUG 15630 --- [onboarding_system] [           main] o.s.d.jpa.repository.query.NamedQuery    : Looking up named query Task.findByDepartmentAndRoleAndRequiredExperienceLevel
2024-12-03T17:51:21.192+01:00 DEBUG 15630 --- [onboarding_system] [           main] o.s.d.jpa.repository.query.NamedQuery    : Did not find named query Task.findByDepartmentAndRoleAndRequiredExperienceLevel
2024-12-03T17:51:21.193+01:00 DEBUG 15630 --- [onboarding_system] [           main] tor$SharedEntityManagerInvocationHandler : Creating new EntityManager for shared EntityManager invocation
2024-12-03T17:51:21.217+01:00 DEBUG 15630 --- [onboarding_system] [           main] o.s.d.r.c.s.RepositoryFactorySupport     : Finished creation of repository instance for com.example.onboarding_system.repository.TaskRepository.
2024-12-03T17:51:21.218+01:00 DEBUG 15630 --- [onboarding_system] [           main] o.s.b.f.s.DefaultListableBeanFactory     : Creating shared instance of singleton bean 'trainingModuleRepository'
2024-12-03T17:51:21.219+01:00 DEBUG 15630 --- [onboarding_system] [           main] o.s.b.f.s.DefaultListableBeanFactory     : Creating shared instance of singleton bean 'jpa.named-queries#2'
2024-12-03T17:51:21.220+01:00 DEBUG 15630 --- [onboarding_system] [           main] o.s.b.f.s.DefaultListableBeanFactory     : Creating shared instance of singleton bean 'jpa.TrainingModuleRepository.fragments#0'
2024-12-03T17:51:21.221+01:00 DEBUG 15630 --- [onboarding_system] [           main] tor$SharedEntityManagerInvocationHandler : Creating new EntityManager for shared EntityManager invocation
2024-12-03T17:51:21.224+01:00 DEBUG 15630 --- [onboarding_system] [           main] o.s.d.r.c.s.RepositoryFactorySupport     : Initializing repository instance for com.example.onboarding_system.repository.TrainingModuleRepository…
2024-12-03T17:51:21.224+01:00 DEBUG 15630 --- [onboarding_system] [           main] tor$SharedEntityManagerInvocationHandler : Creating new EntityManager for shared EntityManager invocation
2024-12-03T17:51:21.227+01:00 DEBUG 15630 --- [onboarding_system] [           main] o.s.d.jpa.repository.query.NamedQuery    : Looking up named query TrainingModule.findByDepartmentAndRoleAndRequiredExperienceLevelBetween
2024-12-03T17:51:21.227+01:00 DEBUG 15630 --- [onboarding_system] [           main] o.s.d.jpa.repository.query.NamedQuery    : Did not find named query TrainingModule.findByDepartmentAndRoleAndRequiredExperienceLevelBetween
2024-12-03T17:51:21.227+01:00 DEBUG 15630 --- [onboarding_system] [           main] tor$SharedEntityManagerInvocationHandler : Creating new EntityManager for shared EntityManager invocation
2024-12-03T17:51:21.230+01:00 DEBUG 15630 --- [onboarding_system] [           main] o.s.d.r.c.s.RepositoryFactorySupport     : Finished creation of repository instance for com.example.onboarding_system.repository.TrainingModuleRepository.
2024-12-03T17:51:21.231+01:00 DEBUG 15630 --- [onboarding_system] [           main] o.s.b.f.s.DefaultListableBeanFactory     : Autowiring by type from bean name 'assignmentService' via constructor to bean named 'taskRepository'
2024-12-03T17:51:21.231+01:00 DEBUG 15630 --- [onboarding_system] [           main] o.s.b.f.s.DefaultListableBeanFactory     : Autowiring by type from bean name 'assignmentService' via constructor to bean named 'trainingModuleRepository'
2024-12-03T17:51:21.231+01:00 DEBUG 15630 --- [onboarding_system] [           main] o.s.b.f.s.DefaultListableBeanFactory     : Autowiring by type from bean name 'assignmentController' via constructor to bean named 'employeeService'
2024-12-03T17:51:21.231+01:00 DEBUG 15630 --- [onboarding_system] [           main] o.s.b.f.s.DefaultListableBeanFactory     : Autowiring by type from bean name 'assignmentController' via constructor to bean named 'assignmentService'
2024-12-03T17:51:21.232+01:00 DEBUG 15630 --- [onboarding_system] [           main] o.s.b.f.s.DefaultListableBeanFactory     : Creating shared instance of singleton bean 'org.springframework.boot.autoconfigure.context.PropertyPlaceholderAutoConfiguration'
2024-12-03T17:51:21.232+01:00 DEBUG 15630 --- [onboarding_system] [           main] o.s.b.f.s.DefaultListableBeanFactory     : Creating shared instance of singleton bean 'org.springframework.boot.autoconfigure.ssl.SslAutoConfiguration'
2024-12-03T17:51:21.233+01:00 DEBUG 15630 --- [onboarding_system] [           main] o.s.b.f.s.DefaultListableBeanFactory     : Creating shared instance of singleton bean 'spring.ssl-org.springframework.boot.autoconfigure.ssl.SslProperties'
2024-12-03T17:51:21.234+01:00 DEBUG 15630 --- [onboarding_system] [           main] o.s.b.f.s.DefaultListableBeanFactory     : Autowiring by type from bean name 'org.springframework.boot.autoconfigure.ssl.SslAutoConfiguration' via constructor to bean named 'org.springframework.web.context.support.GenericWebApplicationContext@1e392345'
2024-12-03T17:51:21.234+01:00 DEBUG 15630 --- [onboarding_system] [           main] o.s.b.f.s.DefaultListableBeanFactory     : Autowiring by type from bean name 'org.springframework.boot.autoconfigure.ssl.SslAutoConfiguration' via constructor to bean named 'spring.ssl-org.springframework.boot.autoconfigure.ssl.SslProperties'
2024-12-03T17:51:21.234+01:00 DEBUG 15630 --- [onboarding_system] [           main] o.s.b.f.s.DefaultListableBeanFactory     : Creating shared instance of singleton bean 'fileWatcher'
2024-12-03T17:51:21.235+01:00 DEBUG 15630 --- [onboarding_system] [           main] o.s.b.f.s.DefaultListableBeanFactory     : Creating shared instance of singleton bean 'sslPropertiesSslBundleRegistrar'
2024-12-03T17:51:21.235+01:00 DEBUG 15630 --- [onboarding_system] [           main] o.s.b.f.s.DefaultListableBeanFactory     : Autowiring by type from bean name 'sslPropertiesSslBundleRegistrar' via factory method to bean named 'fileWatcher'
2024-12-03T17:51:21.236+01:00 DEBUG 15630 --- [onboarding_system] [           main] o.s.b.f.s.DefaultListableBeanFactory     : Creating shared instance of singleton bean 'sslBundleRegistry'
2024-12-03T17:51:21.237+01:00 DEBUG 15630 --- [onboarding_system] [           main] o.s.b.f.s.DefaultListableBeanFactory     : Creating shared instance of singleton bean 'org.springframework.boot.context.properties.EnableConfigurationPropertiesRegistrar.methodValidationExcludeFilter'
2024-12-03T17:51:21.238+01:00 DEBUG 15630 --- [onboarding_system] [           main] o.s.b.f.s.DefaultListableBeanFactory     : Creating shared instance of singleton bean 'org.springframework.boot.autoconfigure.websocket.servlet.WebSocketServletAutoConfiguration$TomcatWebSocketConfiguration'
2024-12-03T17:51:21.238+01:00 DEBUG 15630 --- [onboarding_system] [           main] o.s.b.f.s.DefaultListableBeanFactory     : Creating shared instance of singleton bean 'websocketServletWebServerCustomizer'
2024-12-03T17:51:21.239+01:00 DEBUG 15630 --- [onboarding_system] [           main] o.s.b.f.s.DefaultListableBeanFactory     : Creating shared instance of singleton bean 'org.springframework.boot.autoconfigure.websocket.servlet.WebSocketServletAutoConfiguration'
2024-12-03T17:51:21.239+01:00 DEBUG 15630 --- [onboarding_system] [           main] o.s.b.f.s.DefaultListableBeanFactory     : Creating shared instance of singleton bean 'org.springframework.boot.autoconfigure.web.servlet.ServletWebServerFactoryConfiguration$EmbeddedTomcat'
2024-12-03T17:51:21.239+01:00 DEBUG 15630 --- [onboarding_system] [           main] o.s.b.f.s.DefaultListableBeanFactory     : Creating shared instance of singleton bean 'tomcatServletWebServerFactory'
2024-12-03T17:51:21.263+01:00 DEBUG 15630 --- [onboarding_system] [           main] o.s.b.f.s.DefaultListableBeanFactory     : Creating shared instance of singleton bean 'servletWebServerFactoryCustomizer'
2024-12-03T17:51:21.263+01:00 DEBUG 15630 --- [onboarding_system] [           main] o.s.b.f.s.DefaultListableBeanFactory     : Creating shared instance of singleton bean 'org.springframework.boot.autoconfigure.web.servlet.ServletWebServerFactoryAutoConfiguration'
2024-12-03T17:51:21.264+01:00 DEBUG 15630 --- [onboarding_system] [           main] o.s.b.f.s.DefaultListableBeanFactory     : Creating shared instance of singleton bean 'server-org.springframework.boot.autoconfigure.web.ServerProperties'
2024-12-03T17:51:21.268+01:00 DEBUG 15630 --- [onboarding_system] [           main] o.s.b.f.s.DefaultListableBeanFactory     : Autowiring by type from bean name 'servletWebServerFactoryCustomizer' via factory method to bean named 'server-org.springframework.boot.autoconfigure.web.ServerProperties'
2024-12-03T17:51:21.270+01:00 DEBUG 15630 --- [onboarding_system] [           main] o.s.b.f.s.DefaultListableBeanFactory     : Creating shared instance of singleton bean 'tomcatServletWebServerFactoryCustomizer'
2024-12-03T17:51:21.271+01:00 DEBUG 15630 --- [onboarding_system] [           main] o.s.b.f.s.DefaultListableBeanFactory     : Autowiring by type from bean name 'tomcatServletWebServerFactoryCustomizer' via factory method to bean named 'server-org.springframework.boot.autoconfigure.web.ServerProperties'
2024-12-03T17:51:21.271+01:00 DEBUG 15630 --- [onboarding_system] [           main] o.s.b.f.s.DefaultListableBeanFactory     : Creating shared instance of singleton bean 'localeCharsetMappingsCustomizer'
2024-12-03T17:51:21.271+01:00 DEBUG 15630 --- [onboarding_system] [           main] o.s.b.f.s.DefaultListableBeanFactory     : Creating shared instance of singleton bean 'org.springframework.boot.autoconfigure.web.servlet.HttpEncodingAutoConfiguration'
2024-12-03T17:51:21.271+01:00 DEBUG 15630 --- [onboarding_system] [           main] o.s.b.f.s.DefaultListableBeanFactory     : Autowiring by type from bean name 'org.springframework.boot.autoconfigure.web.servlet.HttpEncodingAutoConfiguration' via constructor to bean named 'server-org.springframework.boot.autoconfigure.web.ServerProperties'
2024-12-03T17:51:21.282+01:00 DEBUG 15630 --- [onboarding_system] [           main] o.s.b.f.s.DefaultListableBeanFactory     : Creating shared instance of singleton bean 'errorPageCustomizer'
2024-12-03T17:51:21.282+01:00 DEBUG 15630 --- [onboarding_system] [           main] o.s.b.f.s.DefaultListableBeanFactory     : Creating shared instance of singleton bean 'org.springframework.boot.autoconfigure.web.servlet.error.ErrorMvcAutoConfiguration'
2024-12-03T17:51:21.282+01:00 DEBUG 15630 --- [onboarding_system] [           main] o.s.b.f.s.DefaultListableBeanFactory     : Autowiring by type from bean name 'org.springframework.boot.autoconfigure.web.servlet.error.ErrorMvcAutoConfiguration' via constructor to bean named 'server-org.springframework.boot.autoconfigure.web.ServerProperties'
2024-12-03T17:51:21.283+01:00 DEBUG 15630 --- [onboarding_system] [           main] o.s.b.f.s.DefaultListableBeanFactory     : Creating shared instance of singleton bean 'dispatcherServletRegistration'
2024-12-03T17:51:21.283+01:00 DEBUG 15630 --- [onboarding_system] [           main] o.s.b.f.s.DefaultListableBeanFactory     : Creating shared instance of singleton bean 'org.springframework.boot.autoconfigure.web.servlet.DispatcherServletAutoConfiguration$DispatcherServletRegistrationConfiguration'
2024-12-03T17:51:21.284+01:00 DEBUG 15630 --- [onboarding_system] [           main] o.s.b.f.s.DefaultListableBeanFactory     : Creating shared instance of singleton bean 'dispatcherServlet'
2024-12-03T17:51:21.284+01:00 DEBUG 15630 --- [onboarding_system] [           main] o.s.b.f.s.DefaultListableBeanFactory     : Creating shared instance of singleton bean 'org.springframework.boot.autoconfigure.web.servlet.DispatcherServletAutoConfiguration$DispatcherServletConfiguration'
2024-12-03T17:51:21.284+01:00 DEBUG 15630 --- [onboarding_system] [           main] o.s.b.f.s.DefaultListableBeanFactory     : Creating shared instance of singleton bean 'spring.mvc-org.springframework.boot.autoconfigure.web.servlet.WebMvcProperties'
2024-12-03T17:51:21.288+01:00 DEBUG 15630 --- [onboarding_system] [           main] o.s.b.f.s.DefaultListableBeanFactory     : Autowiring by type from bean name 'dispatcherServlet' via factory method to bean named 'spring.mvc-org.springframework.boot.autoconfigure.web.servlet.WebMvcProperties'
2024-12-03T17:51:21.301+01:00 DEBUG 15630 --- [onboarding_system] [           main] o.s.b.f.s.DefaultListableBeanFactory     : Autowiring by type from bean name 'dispatcherServletRegistration' via factory method to bean named 'dispatcherServlet'
2024-12-03T17:51:21.301+01:00 DEBUG 15630 --- [onboarding_system] [           main] o.s.b.f.s.DefaultListableBeanFactory     : Autowiring by type from bean name 'dispatcherServletRegistration' via factory method to bean named 'spring.mvc-org.springframework.boot.autoconfigure.web.servlet.WebMvcProperties'
2024-12-03T17:51:21.302+01:00 DEBUG 15630 --- [onboarding_system] [           main] o.s.b.f.s.DefaultListableBeanFactory     : Creating shared instance of singleton bean 'multipartConfigElement'
2024-12-03T17:51:21.302+01:00 DEBUG 15630 --- [onboarding_system] [           main] o.s.b.f.s.DefaultListableBeanFactory     : Creating shared instance of singleton bean 'org.springframework.boot.autoconfigure.web.servlet.MultipartAutoConfiguration'
2024-12-03T17:51:21.307+01:00 DEBUG 15630 --- [onboarding_system] [           main] o.s.b.f.s.DefaultListableBeanFactory     : Creating shared instance of singleton bean 'spring.servlet.multipart-org.springframework.boot.autoconfigure.web.servlet.MultipartProperties'
2024-12-03T17:51:21.311+01:00 DEBUG 15630 --- [onboarding_system] [           main] o.s.b.f.s.DefaultListableBeanFactory     : Autowiring by type from bean name 'org.springframework.boot.autoconfigure.web.servlet.MultipartAutoConfiguration' via constructor to bean named 'spring.servlet.multipart-org.springframework.boot.autoconfigure.web.servlet.MultipartProperties'
2024-12-03T17:51:21.313+01:00 DEBUG 15630 --- [onboarding_system] [           main] o.s.b.f.s.DefaultListableBeanFactory     : Autowiring by type from bean name 'errorPageCustomizer' via factory method to bean named 'dispatcherServletRegistration'
2024-12-03T17:51:21.316+01:00 DEBUG 15630 --- [onboarding_system] [           main] o.s.b.f.s.DefaultListableBeanFactory     : Creating shared instance of singleton bean 'org.springframework.boot.autoconfigure.web.servlet.DispatcherServletAutoConfiguration'
2024-12-03T17:51:21.316+01:00 DEBUG 15630 --- [onboarding_system] [           main] o.s.b.f.s.DefaultListableBeanFactory     : Creating shared instance of singleton bean 'org.springframework.boot.autoconfigure.task.TaskExecutorConfigurations$ThreadPoolTaskExecutorBuilderConfiguration'
2024-12-03T17:51:21.316+01:00 DEBUG 15630 --- [onboarding_system] [           main] o.s.b.f.s.DefaultListableBeanFactory     : Creating shared instance of singleton bean 'threadPoolTaskExecutorBuilder'
2024-12-03T17:51:21.317+01:00 DEBUG 15630 --- [onboarding_system] [           main] o.s.b.f.s.DefaultListableBeanFactory     : Creating shared instance of singleton bean 'spring.task.execution-org.springframework.boot.autoconfigure.task.TaskExecutionProperties'
2024-12-03T17:51:21.318+01:00 DEBUG 15630 --- [onboarding_system] [           main] o.s.b.f.s.DefaultListableBeanFactory     : Autowiring by type from bean name 'threadPoolTaskExecutorBuilder' via factory method to bean named 'spring.task.execution-org.springframework.boot.autoconfigure.task.TaskExecutionProperties'
2024-12-03T17:51:21.320+01:00 DEBUG 15630 --- [onboarding_system] [           main] o.s.b.f.s.DefaultListableBeanFactory     : Creating shared instance of singleton bean 'org.springframework.boot.autoconfigure.task.TaskExecutorConfigurations$SimpleAsyncTaskExecutorBuilderConfiguration'
2024-12-03T17:51:21.320+01:00 DEBUG 15630 --- [onboarding_system] [           main] o.s.b.f.s.DefaultListableBeanFactory     : Autowiring by type from bean name 'org.springframework.boot.autoconfigure.task.TaskExecutorConfigurations$SimpleAsyncTaskExecutorBuilderConfiguration' via constructor to bean named 'spring.task.execution-org.springframework.boot.autoconfigure.task.TaskExecutionProperties'
2024-12-03T17:51:21.321+01:00 DEBUG 15630 --- [onboarding_system] [           main] o.s.b.f.s.DefaultListableBeanFactory     : Creating shared instance of singleton bean 'simpleAsyncTaskExecutorBuilder'
2024-12-03T17:51:21.322+01:00 DEBUG 15630 --- [onboarding_system] [           main] o.s.b.f.s.DefaultListableBeanFactory     : Creating shared instance of singleton bean 'org.springframework.boot.autoconfigure.task.TaskExecutorConfigurations$TaskExecutorConfiguration'
2024-12-03T17:51:21.322+01:00 DEBUG 15630 --- [onboarding_system] [           main] o.s.b.f.s.DefaultListableBeanFactory     : Creating shared instance of singleton bean 'org.springframework.boot.autoconfigure.task.TaskExecutionAutoConfiguration'
2024-12-03T17:51:21.322+01:00 DEBUG 15630 --- [onboarding_system] [           main] o.s.b.f.s.DefaultListableBeanFactory     : Creating shared instance of singleton bean 'org.springframework.boot.autoconfigure.web.servlet.error.ErrorMvcAutoConfiguration$WhitelabelErrorViewConfiguration'
2024-12-03T17:51:21.323+01:00 DEBUG 15630 --- [onboarding_system] [           main] o.s.b.f.s.DefaultListableBeanFactory     : Creating shared instance of singleton bean 'error'
2024-12-03T17:51:21.323+01:00 DEBUG 15630 --- [onboarding_system] [           main] o.s.b.f.s.DefaultListableBeanFactory     : Creating shared instance of singleton bean 'beanNameViewResolver'
2024-12-03T17:51:21.324+01:00 DEBUG 15630 --- [onboarding_system] [           main] o.s.b.f.s.DefaultListableBeanFactory     : Creating shared instance of singleton bean 'org.springframework.boot.autoconfigure.web.servlet.error.ErrorMvcAutoConfiguration$DefaultErrorViewResolverConfiguration'
2024-12-03T17:51:21.325+01:00 DEBUG 15630 --- [onboarding_system] [           main] o.s.b.f.s.DefaultListableBeanFactory     : Creating shared instance of singleton bean 'spring.web-org.springframework.boot.autoconfigure.web.WebProperties'
2024-12-03T17:51:21.326+01:00 DEBUG 15630 --- [onboarding_system] [           main] o.s.b.f.s.DefaultListableBeanFactory     : Autowiring by type from bean name 'org.springframework.boot.autoconfigure.web.servlet.error.ErrorMvcAutoConfiguration$DefaultErrorViewResolverConfiguration' via constructor to bean named 'org.springframework.web.context.support.GenericWebApplicationContext@1e392345'
2024-12-03T17:51:21.326+01:00 DEBUG 15630 --- [onboarding_system] [           main] o.s.b.f.s.DefaultListableBeanFactory     : Autowiring by type from bean name 'org.springframework.boot.autoconfigure.web.servlet.error.ErrorMvcAutoConfiguration$DefaultErrorViewResolverConfiguration' via constructor to bean named 'spring.web-org.springframework.boot.autoconfigure.web.WebProperties'
2024-12-03T17:51:21.326+01:00 DEBUG 15630 --- [onboarding_system] [           main] o.s.b.f.s.DefaultListableBeanFactory     : Creating shared instance of singleton bean 'conventionErrorViewResolver'
2024-12-03T17:51:21.328+01:00 DEBUG 15630 --- [onboarding_system] [           main] o.s.b.f.s.DefaultListableBeanFactory     : Creating shared instance of singleton bean 'errorAttributes'
2024-12-03T17:51:21.328+01:00 DEBUG 15630 --- [onboarding_system] [           main] o.s.b.f.s.DefaultListableBeanFactory     : Creating shared instance of singleton bean 'basicErrorController'
2024-12-03T17:51:21.329+01:00 DEBUG 15630 --- [onboarding_system] [           main] o.s.b.f.s.DefaultListableBeanFactory     : Autowiring by type from bean name 'basicErrorController' via factory method to bean named 'errorAttributes'
2024-12-03T17:51:21.331+01:00 DEBUG 15630 --- [onboarding_system] [           main] o.s.b.f.s.DefaultListableBeanFactory     : Creating shared instance of singleton bean 'org.springframework.boot.autoconfigure.web.servlet.WebMvcAutoConfiguration$EnableWebMvcConfiguration'
2024-12-03T17:51:21.332+01:00 DEBUG 15630 --- [onboarding_system] [           main] o.s.b.f.s.DefaultListableBeanFactory     : Autowiring by type from bean name 'org.springframework.boot.autoconfigure.web.servlet.WebMvcAutoConfiguration$EnableWebMvcConfiguration' via constructor to bean named 'spring.mvc-org.springframework.boot.autoconfigure.web.servlet.WebMvcProperties'
2024-12-03T17:51:21.332+01:00 DEBUG 15630 --- [onboarding_system] [           main] o.s.b.f.s.DefaultListableBeanFactory     : Autowiring by type from bean name 'org.springframework.boot.autoconfigure.web.servlet.WebMvcAutoConfiguration$EnableWebMvcConfiguration' via constructor to bean named 'spring.web-org.springframework.boot.autoconfigure.web.WebProperties'
2024-12-03T17:51:21.332+01:00 DEBUG 15630 --- [onboarding_system] [           main] o.s.b.f.s.DefaultListableBeanFactory     : Autowiring by type from bean name 'org.springframework.boot.autoconfigure.web.servlet.WebMvcAutoConfiguration$EnableWebMvcConfiguration' via constructor to bean named 'org.springframework.beans.factory.support.DefaultListableBeanFactory@6b9c69a9'
2024-12-03T17:51:21.334+01:00 DEBUG 15630 --- [onboarding_system] [           main] o.s.b.f.s.DefaultListableBeanFactory     : Creating shared instance of singleton bean 'org.springframework.boot.autoconfigure.web.servlet.WebMvcAutoConfiguration$WebMvcAutoConfigurationAdapter'
2024-12-03T17:51:21.334+01:00 DEBUG 15630 --- [onboarding_system] [           main] o.s.b.f.s.DefaultListableBeanFactory     : Autowiring by type from bean name 'org.springframework.boot.autoconfigure.web.servlet.WebMvcAutoConfiguration$WebMvcAutoConfigurationAdapter' via constructor to bean named 'spring.web-org.springframework.boot.autoconfigure.web.WebProperties'
2024-12-03T17:51:21.334+01:00 DEBUG 15630 --- [onboarding_system] [           main] o.s.b.f.s.DefaultListableBeanFactory     : Autowiring by type from bean name 'org.springframework.boot.autoconfigure.web.servlet.WebMvcAutoConfiguration$WebMvcAutoConfigurationAdapter' via constructor to bean named 'spring.mvc-org.springframework.boot.autoconfigure.web.servlet.WebMvcProperties'
2024-12-03T17:51:21.334+01:00 DEBUG 15630 --- [onboarding_system] [           main] o.s.b.f.s.DefaultListableBeanFactory     : Autowiring by type from bean name 'org.springframework.boot.autoconfigure.web.servlet.WebMvcAutoConfiguration$WebMvcAutoConfigurationAdapter' via constructor to bean named 'org.springframework.beans.factory.support.DefaultListableBeanFactory@6b9c69a9'
2024-12-03T17:51:21.336+01:00 DEBUG 15630 --- [onboarding_system] [           main] o.s.b.f.s.DefaultListableBeanFactory     : Creating shared instance of singleton bean 'openEntityManagerInViewInterceptorConfigurer'
2024-12-03T17:51:21.336+01:00 DEBUG 15630 --- [onboarding_system] [           main] o.s.b.f.s.DefaultListableBeanFactory     : Creating shared instance of singleton bean 'org.springframework.boot.autoconfigure.orm.jpa.JpaBaseConfiguration$JpaWebConfiguration'
2024-12-03T17:51:21.336+01:00 DEBUG 15630 --- [onboarding_system] [           main] o.s.b.f.s.DefaultListableBeanFactory     : Autowiring by type from bean name 'org.springframework.boot.autoconfigure.orm.jpa.JpaBaseConfiguration$JpaWebConfiguration' via constructor to bean named 'spring.jpa-org.springframework.boot.autoconfigure.orm.jpa.JpaProperties'
2024-12-03T17:51:21.337+01:00 DEBUG 15630 --- [onboarding_system] [           main] o.s.b.f.s.DefaultListableBeanFactory     : Creating shared instance of singleton bean 'openEntityManagerInViewInterceptor'
2024-12-03T17:51:21.337+01:00  WARN 15630 --- [onboarding_system] [           main] JpaBaseConfiguration$JpaWebConfiguration : spring.jpa.open-in-view is enabled by default. Therefore, database queries may be performed during view rendering. Explicitly configure spring.jpa.open-in-view to disable this warning
2024-12-03T17:51:21.338+01:00 DEBUG 15630 --- [onboarding_system] [           main] o.s.b.f.s.DefaultListableBeanFactory     : Autowiring by type from bean name 'openEntityManagerInViewInterceptorConfigurer' via factory method to bean named 'openEntityManagerInViewInterceptor'
2024-12-03T17:51:21.338+01:00 DEBUG 15630 --- [onboarding_system] [           main] o.s.b.f.s.DefaultListableBeanFactory     : Creating shared instance of singleton bean 'org.springframework.data.web.config.SpringDataWebConfiguration'
2024-12-03T17:51:21.339+01:00 DEBUG 15630 --- [onboarding_system] [           main] o.s.b.f.s.DefaultListableBeanFactory     : Autowiring by type from bean name 'org.springframework.data.web.config.SpringDataWebConfiguration' via constructor to bean named 'org.springframework.web.context.support.GenericWebApplicationContext@1e392345'
2024-12-03T17:51:21.342+01:00 DEBUG 15630 --- [onboarding_system] [           main] o.s.b.f.s.DefaultListableBeanFactory     : Creating shared instance of singleton bean 'welcomePageHandlerMapping'
2024-12-03T17:51:21.342+01:00 DEBUG 15630 --- [onboarding_system] [           main] o.s.b.f.s.DefaultListableBeanFactory     : Creating shared instance of singleton bean 'mvcConversionService'
2024-12-03T17:51:21.346+01:00 DEBUG 15630 --- [onboarding_system] [           main] o.s.b.f.s.DefaultListableBeanFactory     : Creating shared instance of singleton bean 'mvcResourceUrlProvider'
2024-12-03T17:51:21.348+01:00 DEBUG 15630 --- [onboarding_system] [           main] o.s.b.f.s.DefaultListableBeanFactory     : Autowiring by type from bean name 'welcomePageHandlerMapping' via factory method to bean named 'org.springframework.web.context.support.GenericWebApplicationContext@1e392345'
2024-12-03T17:51:21.348+01:00 DEBUG 15630 --- [onboarding_system] [           main] o.s.b.f.s.DefaultListableBeanFactory     : Autowiring by type from bean name 'welcomePageHandlerMapping' via factory method to bean named 'mvcConversionService'
2024-12-03T17:51:21.348+01:00 DEBUG 15630 --- [onboarding_system] [           main] o.s.b.f.s.DefaultListableBeanFactory     : Autowiring by type from bean name 'welcomePageHandlerMapping' via factory method to bean named 'mvcResourceUrlProvider'
2024-12-03T17:51:21.356+01:00 DEBUG 15630 --- [onboarding_system] [           main] o.s.b.f.s.DefaultListableBeanFactory     : Creating shared instance of singleton bean 'welcomePageNotAcceptableHandlerMapping'
2024-12-03T17:51:21.356+01:00 DEBUG 15630 --- [onboarding_system] [           main] o.s.b.f.s.DefaultListableBeanFactory     : Autowiring by type from bean name 'welcomePageNotAcceptableHandlerMapping' via factory method to bean named 'org.springframework.web.context.support.GenericWebApplicationContext@1e392345'
2024-12-03T17:51:21.356+01:00 DEBUG 15630 --- [onboarding_system] [           main] o.s.b.f.s.DefaultListableBeanFactory     : Autowiring by type from bean name 'welcomePageNotAcceptableHandlerMapping' via factory method to bean named 'mvcConversionService'
2024-12-03T17:51:21.356+01:00 DEBUG 15630 --- [onboarding_system] [           main] o.s.b.f.s.DefaultListableBeanFactory     : Autowiring by type from bean name 'welcomePageNotAcceptableHandlerMapping' via factory method to bean named 'mvcResourceUrlProvider'
2024-12-03T17:51:21.358+01:00 DEBUG 15630 --- [onboarding_system] [           main] o.s.b.f.s.DefaultListableBeanFactory     : Creating shared instance of singleton bean 'localeResolver'
2024-12-03T17:51:21.359+01:00 DEBUG 15630 --- [onboarding_system] [           main] o.s.b.f.s.DefaultListableBeanFactory     : Creating shared instance of singleton bean 'themeResolver'
2024-12-03T17:51:21.360+01:00 DEBUG 15630 --- [onboarding_system] [           main] o.s.b.f.s.DefaultListableBeanFactory     : Creating shared instance of singleton bean 'flashMapManager'
2024-12-03T17:51:21.361+01:00 DEBUG 15630 --- [onboarding_system] [           main] o.s.b.f.s.DefaultListableBeanFactory     : Creating shared instance of singleton bean 'viewNameTranslator'
2024-12-03T17:51:21.361+01:00 DEBUG 15630 --- [onboarding_system] [           main] o.s.b.f.s.DefaultListableBeanFactory     : Creating shared instance of singleton bean 'mvcValidator'
2024-12-03T17:51:21.362+01:00 DEBUG 15630 --- [onboarding_system] [           main] o.s.b.f.s.DefaultListableBeanFactory     : Creating shared instance of singleton bean 'mvcContentNegotiationManager'
2024-12-03T17:51:21.363+01:00 DEBUG 15630 --- [onboarding_system] [           main] o.s.b.f.s.DefaultListableBeanFactory     : Creating shared instance of singleton bean 'requestMappingHandlerMapping'
2024-12-03T17:51:21.364+01:00 DEBUG 15630 --- [onboarding_system] [           main] o.s.b.f.s.DefaultListableBeanFactory     : Autowiring by type from bean name 'requestMappingHandlerMapping' via factory method to bean named 'mvcContentNegotiationManager'
2024-12-03T17:51:21.364+01:00 DEBUG 15630 --- [onboarding_system] [           main] o.s.b.f.s.DefaultListableBeanFactory     : Autowiring by type from bean name 'requestMappingHandlerMapping' via factory method to bean named 'mvcConversionService'
2024-12-03T17:51:21.364+01:00 DEBUG 15630 --- [onboarding_system] [           main] o.s.b.f.s.DefaultListableBeanFactory     : Autowiring by type from bean name 'requestMappingHandlerMapping' via factory method to bean named 'mvcResourceUrlProvider'
2024-12-03T17:51:21.381+01:00 DEBUG 15630 --- [onboarding_system] [           main] s.w.s.m.m.a.RequestMappingHandlerMapping : 3 mappings in 'requestMappingHandlerMapping'
2024-12-03T17:51:21.383+01:00 DEBUG 15630 --- [onboarding_system] [           main] o.s.b.f.s.DefaultListableBeanFactory     : Creating shared instance of singleton bean 'mvcPatternParser'
2024-12-03T17:51:21.384+01:00 DEBUG 15630 --- [onboarding_system] [           main] o.s.b.f.s.DefaultListableBeanFactory     : Creating shared instance of singleton bean 'mvcUrlPathHelper'
2024-12-03T17:51:21.384+01:00 DEBUG 15630 --- [onboarding_system] [           main] o.s.b.f.s.DefaultListableBeanFactory     : Creating shared instance of singleton bean 'mvcPathMatcher'
2024-12-03T17:51:21.384+01:00 DEBUG 15630 --- [onboarding_system] [           main] o.s.b.f.s.DefaultListableBeanFactory     : Creating shared instance of singleton bean 'viewControllerHandlerMapping'
2024-12-03T17:51:21.385+01:00 DEBUG 15630 --- [onboarding_system] [           main] o.s.b.f.s.DefaultListableBeanFactory     : Autowiring by type from bean name 'viewControllerHandlerMapping' via factory method to bean named 'mvcConversionService'
2024-12-03T17:51:21.385+01:00 DEBUG 15630 --- [onboarding_system] [           main] o.s.b.f.s.DefaultListableBeanFactory     : Autowiring by type from bean name 'viewControllerHandlerMapping' via factory method to bean named 'mvcResourceUrlProvider'
2024-12-03T17:51:21.385+01:00 DEBUG 15630 --- [onboarding_system] [           main] o.s.b.f.s.DefaultListableBeanFactory     : Creating shared instance of singleton bean 'beanNameHandlerMapping'
2024-12-03T17:51:21.385+01:00 DEBUG 15630 --- [onboarding_system] [           main] o.s.b.f.s.DefaultListableBeanFactory     : Autowiring by type from bean name 'beanNameHandlerMapping' via factory method to bean named 'mvcConversionService'
2024-12-03T17:51:21.385+01:00 DEBUG 15630 --- [onboarding_system] [           main] o.s.b.f.s.DefaultListableBeanFactory     : Autowiring by type from bean name 'beanNameHandlerMapping' via factory method to bean named 'mvcResourceUrlProvider'
2024-12-03T17:51:21.387+01:00 DEBUG 15630 --- [onboarding_system] [           main] o.s.b.f.s.DefaultListableBeanFactory     : Creating shared instance of singleton bean 'routerFunctionMapping'
2024-12-03T17:51:21.387+01:00 DEBUG 15630 --- [onboarding_system] [           main] o.s.b.f.s.DefaultListableBeanFactory     : Autowiring by type from bean name 'routerFunctionMapping' via factory method to bean named 'mvcConversionService'
2024-12-03T17:51:21.387+01:00 DEBUG 15630 --- [onboarding_system] [           main] o.s.b.f.s.DefaultListableBeanFactory     : Autowiring by type from bean name 'routerFunctionMapping' via factory method to bean named 'mvcResourceUrlProvider'
2024-12-03T17:51:21.388+01:00 DEBUG 15630 --- [onboarding_system] [           main] o.s.b.f.s.DefaultListableBeanFactory     : Creating shared instance of singleton bean 'messageConverters'
2024-12-03T17:51:21.388+01:00 DEBUG 15630 --- [onboarding_system] [           main] o.s.b.f.s.DefaultListableBeanFactory     : Creating shared instance of singleton bean 'org.springframework.boot.autoconfigure.http.HttpMessageConvertersAutoConfiguration'
2024-12-03T17:51:21.389+01:00 DEBUG 15630 --- [onboarding_system] [           main] o.s.b.f.s.DefaultListableBeanFactory     : Creating shared instance of singleton bean 'stringHttpMessageConverter'
2024-12-03T17:51:21.389+01:00 DEBUG 15630 --- [onboarding_system] [           main] o.s.b.f.s.DefaultListableBeanFactory     : Creating shared instance of singleton bean 'org.springframework.boot.autoconfigure.http.HttpMessageConvertersAutoConfiguration$StringHttpMessageConverterConfiguration'
2024-12-03T17:51:21.389+01:00 DEBUG 15630 --- [onboarding_system] [           main] o.s.b.f.s.DefaultListableBeanFactory     : Autowiring by type from bean name 'stringHttpMessageConverter' via factory method to bean named 'environment'
2024-12-03T17:51:21.391+01:00 DEBUG 15630 --- [onboarding_system] [           main] o.s.b.f.s.DefaultListableBeanFactory     : Creating shared instance of singleton bean 'mappingJackson2HttpMessageConverter'
2024-12-03T17:51:21.391+01:00 DEBUG 15630 --- [onboarding_system] [           main] o.s.b.f.s.DefaultListableBeanFactory     : Creating shared instance of singleton bean 'org.springframework.boot.autoconfigure.http.JacksonHttpMessageConvertersConfiguration$MappingJackson2HttpMessageConverterConfiguration'
2024-12-03T17:51:21.392+01:00 DEBUG 15630 --- [onboarding_system] [           main] o.s.b.f.s.DefaultListableBeanFactory     : Creating shared instance of singleton bean 'jacksonObjectMapper'
2024-12-03T17:51:21.392+01:00 DEBUG 15630 --- [onboarding_system] [           main] o.s.b.f.s.DefaultListableBeanFactory     : Creating shared instance of singleton bean 'org.springframework.boot.autoconfigure.jackson.JacksonAutoConfiguration$JacksonObjectMapperConfiguration'
2024-12-03T17:51:21.392+01:00 DEBUG 15630 --- [onboarding_system] [           main] o.s.b.f.s.DefaultListableBeanFactory     : Creating shared instance of singleton bean 'org.springframework.boot.autoconfigure.jackson.JacksonAutoConfiguration$JacksonObjectMapperBuilderConfiguration'
2024-12-03T17:51:21.393+01:00 DEBUG 15630 --- [onboarding_system] [           main] o.s.b.f.s.DefaultListableBeanFactory     : Creating shared instance of singleton bean 'standardJacksonObjectMapperBuilderCustomizer'
2024-12-03T17:51:21.393+01:00 DEBUG 15630 --- [onboarding_system] [           main] o.s.b.f.s.DefaultListableBeanFactory     : Creating shared instance of singleton bean 'org.springframework.boot.autoconfigure.jackson.JacksonAutoConfiguration$Jackson2ObjectMapperBuilderCustomizerConfiguration'
2024-12-03T17:51:21.393+01:00 DEBUG 15630 --- [onboarding_system] [           main] o.s.b.f.s.DefaultListableBeanFactory     : Creating shared instance of singleton bean 'spring.jackson-org.springframework.boot.autoconfigure.jackson.JacksonProperties'
2024-12-03T17:51:21.394+01:00 DEBUG 15630 --- [onboarding_system] [           main] o.s.b.f.s.DefaultListableBeanFactory     : Autowiring by type from bean name 'standardJacksonObjectMapperBuilderCustomizer' via factory method to bean named 'spring.jackson-org.springframework.boot.autoconfigure.jackson.JacksonProperties'
2024-12-03T17:51:21.395+01:00 DEBUG 15630 --- [onboarding_system] [           main] o.s.b.f.s.DefaultListableBeanFactory     : Creating shared instance of singleton bean 'parameterNamesModule'
2024-12-03T17:51:21.395+01:00 DEBUG 15630 --- [onboarding_system] [           main] o.s.b.f.s.DefaultListableBeanFactory     : Creating shared instance of singleton bean 'org.springframework.boot.autoconfigure.jackson.JacksonAutoConfiguration$ParameterNamesModuleConfiguration'
2024-12-03T17:51:21.396+01:00 DEBUG 15630 --- [onboarding_system] [           main] o.s.b.f.s.DefaultListableBeanFactory     : Creating shared instance of singleton bean 'jsonMixinModule'
2024-12-03T17:51:21.396+01:00 DEBUG 15630 --- [onboarding_system] [           main] o.s.b.f.s.DefaultListableBeanFactory     : Creating shared instance of singleton bean 'org.springframework.boot.autoconfigure.jackson.JacksonAutoConfiguration$JacksonMixinConfiguration'
2024-12-03T17:51:21.396+01:00 DEBUG 15630 --- [onboarding_system] [           main] o.s.b.f.s.DefaultListableBeanFactory     : Creating shared instance of singleton bean 'jsonMixinModuleEntries'
2024-12-03T17:51:21.397+01:00 DEBUG 15630 --- [onboarding_system] [           main] o.s.b.f.s.DefaultListableBeanFactory     : Autowiring by type from bean name 'jsonMixinModuleEntries' via factory method to bean named 'org.springframework.web.context.support.GenericWebApplicationContext@1e392345'
2024-12-03T17:51:21.399+01:00 DEBUG 15630 --- [onboarding_system] [           main] o.s.b.f.s.DefaultListableBeanFactory     : Autowiring by type from bean name 'jsonMixinModule' via factory method to bean named 'org.springframework.web.context.support.GenericWebApplicationContext@1e392345'
2024-12-03T17:51:21.399+01:00 DEBUG 15630 --- [onboarding_system] [           main] o.s.b.f.s.DefaultListableBeanFactory     : Autowiring by type from bean name 'jsonMixinModule' via factory method to bean named 'jsonMixinModuleEntries'
2024-12-03T17:51:21.399+01:00 DEBUG 15630 --- [onboarding_system] [           main] o.s.b.f.s.DefaultListableBeanFactory     : Creating shared instance of singleton bean 'jsonComponentModule'
2024-12-03T17:51:21.399+01:00 DEBUG 15630 --- [onboarding_system] [           main] o.s.b.f.s.DefaultListableBeanFactory     : Creating shared instance of singleton bean 'org.springframework.boot.autoconfigure.jackson.JacksonAutoConfiguration'
2024-12-03T17:51:21.401+01:00 DEBUG 15630 --- [onboarding_system] [           main] o.s.b.f.s.DefaultListableBeanFactory     : Creating shared instance of singleton bean 'jacksonGeoModule'
2024-12-03T17:51:21.401+01:00 DEBUG 15630 --- [onboarding_system] [           main] o.s.b.f.s.DefaultListableBeanFactory     : Creating shared instance of singleton bean 'org.springframework.data.web.config.SpringDataJacksonConfiguration'
2024-12-03T17:51:21.402+01:00 DEBUG 15630 --- [onboarding_system] [           main] o.s.b.f.s.DefaultListableBeanFactory     : Creating shared instance of singleton bean 'springDataWebSettings'
2024-12-03T17:51:21.402+01:00 DEBUG 15630 --- [onboarding_system] [           main] o.s.b.f.s.DefaultListableBeanFactory     : Creating shared instance of singleton bean 'org.springframework.boot.autoconfigure.data.web.SpringDataWebAutoConfiguration'
2024-12-03T17:51:21.402+01:00 DEBUG 15630 --- [onboarding_system] [           main] o.s.b.f.s.DefaultListableBeanFactory     : Creating shared instance of singleton bean 'spring.data.web-org.springframework.boot.autoconfigure.data.web.SpringDataWebProperties'
2024-12-03T17:51:21.403+01:00 DEBUG 15630 --- [onboarding_system] [           main] o.s.b.f.s.DefaultListableBeanFactory     : Autowiring by type from bean name 'org.springframework.boot.autoconfigure.data.web.SpringDataWebAutoConfiguration' via constructor to bean named 'spring.data.web-org.springframework.boot.autoconfigure.data.web.SpringDataWebProperties'
2024-12-03T17:51:21.405+01:00 DEBUG 15630 --- [onboarding_system] [           main] o.s.b.f.s.DefaultListableBeanFactory     : Creating shared instance of singleton bean 'pageModule'
2024-12-03T17:51:21.406+01:00 DEBUG 15630 --- [onboarding_system] [           main] o.s.b.f.s.DefaultListableBeanFactory     : Autowiring by type from bean name 'jacksonObjectMapperBuilder' via factory method to bean named 'org.springframework.web.context.support.GenericWebApplicationContext@1e392345'
2024-12-03T17:51:21.406+01:00 DEBUG 15630 --- [onboarding_system] [           main] o.s.b.f.s.DefaultListableBeanFactory     : Autowiring by type from bean name 'jacksonObjectMapperBuilder' via factory method to bean named 'standardJacksonObjectMapperBuilderCustomizer'
2024-12-03T17:51:21.407+01:00 DEBUG 15630 --- [onboarding_system] [           main] o.s.b.f.s.DefaultListableBeanFactory     : Autowiring by type from bean name 'jacksonObjectMapper' via factory method to bean named 'jacksonObjectMapperBuilder'
2024-12-03T17:51:21.413+01:00 DEBUG 15630 --- [onboarding_system] [           main] o.s.b.f.s.DefaultListableBeanFactory     : Autowiring by type from bean name 'mappingJackson2HttpMessageConverter' via factory method to bean named 'jacksonObjectMapper'
2024-12-03T17:51:21.431+01:00 DEBUG 15630 --- [onboarding_system] [           main] o.s.b.f.s.DefaultListableBeanFactory     : Creating shared instance of singleton bean 'resourceHandlerMapping'
2024-12-03T17:51:21.431+01:00 DEBUG 15630 --- [onboarding_system] [           main] o.s.b.f.s.DefaultListableBeanFactory     : Autowiring by type from bean name 'resourceHandlerMapping' via factory method to bean named 'mvcContentNegotiationManager'
2024-12-03T17:51:21.431+01:00 DEBUG 15630 --- [onboarding_system] [           main] o.s.b.f.s.DefaultListableBeanFactory     : Autowiring by type from bean name 'resourceHandlerMapping' via factory method to bean named 'mvcConversionService'
2024-12-03T17:51:21.431+01:00 DEBUG 15630 --- [onboarding_system] [           main] o.s.b.f.s.DefaultListableBeanFactory     : Autowiring by type from bean name 'resourceHandlerMapping' via factory method to bean named 'mvcResourceUrlProvider'
2024-12-03T17:51:21.436+01:00 DEBUG 15630 --- [onboarding_system] [           main] o.s.w.s.handler.SimpleUrlHandlerMapping  : Patterns [/webjars/**, /**] in 'resourceHandlerMapping'
2024-12-03T17:51:21.436+01:00 DEBUG 15630 --- [onboarding_system] [           main] o.s.b.f.s.DefaultListableBeanFactory     : Creating shared instance of singleton bean 'defaultServletHandlerMapping'
2024-12-03T17:51:21.437+01:00 DEBUG 15630 --- [onboarding_system] [           main] o.s.b.f.s.DefaultListableBeanFactory     : Creating shared instance of singleton bean 'requestMappingHandlerAdapter'
2024-12-03T17:51:21.437+01:00 DEBUG 15630 --- [onboarding_system] [           main] o.s.b.f.s.DefaultListableBeanFactory     : Autowiring by type from bean name 'requestMappingHandlerAdapter' via factory method to bean named 'mvcContentNegotiationManager'
2024-12-03T17:51:21.437+01:00 DEBUG 15630 --- [onboarding_system] [           main] o.s.b.f.s.DefaultListableBeanFactory     : Autowiring by type from bean name 'requestMappingHandlerAdapter' via factory method to bean named 'mvcConversionService'
2024-12-03T17:51:21.437+01:00 DEBUG 15630 --- [onboarding_system] [           main] o.s.b.f.s.DefaultListableBeanFactory     : Autowiring by type from bean name 'requestMappingHandlerAdapter' via factory method to bean named 'mvcValidator'
2024-12-03T17:51:21.439+01:00 DEBUG 15630 --- [onboarding_system] [           main] o.s.b.f.s.DefaultListableBeanFactory     : Creating shared instance of singleton bean 'sortResolver'
2024-12-03T17:51:21.440+01:00 DEBUG 15630 --- [onboarding_system] [           main] o.s.b.f.s.DefaultListableBeanFactory     : Creating shared instance of singleton bean 'sortCustomizer'
2024-12-03T17:51:21.441+01:00 DEBUG 15630 --- [onboarding_system] [           main] o.s.b.f.s.DefaultListableBeanFactory     : Creating shared instance of singleton bean 'pageableResolver'
2024-12-03T17:51:21.441+01:00 DEBUG 15630 --- [onboarding_system] [           main] o.s.b.f.s.DefaultListableBeanFactory     : Creating shared instance of singleton bean 'pageableCustomizer'
2024-12-03T17:51:21.442+01:00 DEBUG 15630 --- [onboarding_system] [           main] o.s.b.f.s.DefaultListableBeanFactory     : Creating shared instance of singleton bean 'applicationTaskExecutor'
2024-12-03T17:51:21.442+01:00 DEBUG 15630 --- [onboarding_system] [           main] o.s.b.f.s.DefaultListableBeanFactory     : Autowiring by type from bean name 'applicationTaskExecutor' via factory method to bean named 'threadPoolTaskExecutorBuilder'
2024-12-03T17:51:21.444+01:00 DEBUG 15630 --- [onboarding_system] [           main] o.s.s.concurrent.ThreadPoolTaskExecutor  : Initializing ExecutorService 'applicationTaskExecutor'
2024-12-03T17:51:21.449+01:00 DEBUG 15630 --- [onboarding_system] [           main] s.w.s.m.m.a.RequestMappingHandlerAdapter : ControllerAdvice beans: 0 @ModelAttribute, 0 @InitBinder, 1 RequestBodyAdvice, 1 ResponseBodyAdvice
2024-12-03T17:51:21.457+01:00 DEBUG 15630 --- [onboarding_system] [           main] o.s.b.f.s.DefaultListableBeanFactory     : Creating shared instance of singleton bean 'mvcViewResolver'
2024-12-03T17:51:21.457+01:00 DEBUG 15630 --- [onboarding_system] [           main] o.s.b.f.s.DefaultListableBeanFactory     : Autowiring by type from bean name 'mvcViewResolver' via factory method to bean named 'mvcContentNegotiationManager'
2024-12-03T17:51:21.458+01:00 DEBUG 15630 --- [onboarding_system] [           main] o.s.b.f.s.DefaultListableBeanFactory     : Creating shared instance of singleton bean 'defaultViewResolver'
2024-12-03T17:51:21.461+01:00 DEBUG 15630 --- [onboarding_system] [           main] o.s.b.f.s.DefaultListableBeanFactory     : Creating shared instance of singleton bean 'viewResolver'
2024-12-03T17:51:21.461+01:00 DEBUG 15630 --- [onboarding_system] [           main] o.s.b.f.s.DefaultListableBeanFactory     : Autowiring by type from bean name 'viewResolver' via factory method to bean named 'org.springframework.beans.factory.support.DefaultListableBeanFactory@6b9c69a9'
2024-12-03T17:51:21.462+01:00 DEBUG 15630 --- [onboarding_system] [           main] o.s.b.f.s.DefaultListableBeanFactory     : Creating shared instance of singleton bean 'viewResolver'
2024-12-03T17:51:21.462+01:00 DEBUG 15630 --- [onboarding_system] [           main] o.s.b.f.s.DefaultListableBeanFactory     : Creating shared instance of singleton bean 'thymeleafViewResolver'
2024-12-03T17:51:21.462+01:00 DEBUG 15630 --- [onboarding_system] [           main] o.s.b.f.s.DefaultListableBeanFactory     : Creating shared instance of singleton bean 'org.springframework.boot.autoconfigure.thymeleaf.ThymeleafAutoConfiguration$ThymeleafWebMvcConfiguration$ThymeleafViewResolverConfiguration'
2024-12-03T17:51:21.462+01:00 DEBUG 15630 --- [onboarding_system] [           main] o.s.b.f.s.DefaultListableBeanFactory     : Creating shared instance of singleton bean 'spring.thymeleaf-org.springframework.boot.autoconfigure.thymeleaf.ThymeleafProperties'
2024-12-03T17:51:21.464+01:00 DEBUG 15630 --- [onboarding_system] [           main] o.s.b.f.s.DefaultListableBeanFactory     : Creating shared instance of singleton bean 'templateEngine'
2024-12-03T17:51:21.464+01:00 DEBUG 15630 --- [onboarding_system] [           main] o.s.b.f.s.DefaultListableBeanFactory     : Creating shared instance of singleton bean 'org.springframework.boot.autoconfigure.thymeleaf.TemplateEngineConfigurations$DefaultTemplateEngineConfiguration'
2024-12-03T17:51:21.464+01:00 DEBUG 15630 --- [onboarding_system] [           main] o.s.b.f.s.DefaultListableBeanFactory     : Autowiring by type from bean name 'templateEngine' via factory method to bean named 'spring.thymeleaf-org.springframework.boot.autoconfigure.thymeleaf.ThymeleafProperties'
2024-12-03T17:51:21.470+01:00 DEBUG 15630 --- [onboarding_system] [           main] o.s.b.f.s.DefaultListableBeanFactory     : Creating shared instance of singleton bean 'defaultTemplateResolver'
2024-12-03T17:51:21.471+01:00 DEBUG 15630 --- [onboarding_system] [           main] o.s.b.f.s.DefaultListableBeanFactory     : Creating shared instance of singleton bean 'org.springframework.boot.autoconfigure.thymeleaf.ThymeleafAutoConfiguration$DefaultTemplateResolverConfiguration'
2024-12-03T17:51:21.471+01:00 DEBUG 15630 --- [onboarding_system] [           main] o.s.b.f.s.DefaultListableBeanFactory     : Autowiring by type from bean name 'org.springframework.boot.autoconfigure.thymeleaf.ThymeleafAutoConfiguration$DefaultTemplateResolverConfiguration' via constructor to bean named 'spring.thymeleaf-org.springframework.boot.autoconfigure.thymeleaf.ThymeleafProperties'
2024-12-03T17:51:21.471+01:00 DEBUG 15630 --- [onboarding_system] [           main] o.s.b.f.s.DefaultListableBeanFactory     : Autowiring by type from bean name 'org.springframework.boot.autoconfigure.thymeleaf.ThymeleafAutoConfiguration$DefaultTemplateResolverConfiguration' via constructor to bean named 'org.springframework.web.context.support.GenericWebApplicationContext@1e392345'
2024-12-03T17:51:21.474+01:00 DEBUG 15630 --- [onboarding_system] [           main] o.s.b.f.s.DefaultListableBeanFactory     : Autowiring by type from bean name 'thymeleafViewResolver' via factory method to bean named 'spring.thymeleaf-org.springframework.boot.autoconfigure.thymeleaf.ThymeleafProperties'
2024-12-03T17:51:21.474+01:00 DEBUG 15630 --- [onboarding_system] [           main] o.s.b.f.s.DefaultListableBeanFactory     : Autowiring by type from bean name 'thymeleafViewResolver' via factory method to bean named 'templateEngine'
2024-12-03T17:51:21.478+01:00 DEBUG 15630 --- [onboarding_system] [           main] o.s.b.f.s.DefaultListableBeanFactory     : Creating shared instance of singleton bean 'handlerFunctionAdapter'
2024-12-03T17:51:21.479+01:00 DEBUG 15630 --- [onboarding_system] [           main] o.s.b.f.s.DefaultListableBeanFactory     : Creating shared instance of singleton bean 'mvcUriComponentsContributor'
2024-12-03T17:51:21.479+01:00 DEBUG 15630 --- [onboarding_system] [           main] o.s.b.f.s.DefaultListableBeanFactory     : Autowiring by type from bean name 'mvcUriComponentsContributor' via factory method to bean named 'mvcConversionService'
2024-12-03T17:51:21.479+01:00 DEBUG 15630 --- [onboarding_system] [           main] o.s.b.f.s.DefaultListableBeanFactory     : Autowiring by type from bean name 'mvcUriComponentsContributor' via factory method to bean named 'requestMappingHandlerAdapter'
2024-12-03T17:51:21.480+01:00 DEBUG 15630 --- [onboarding_system] [           main] o.s.b.f.s.DefaultListableBeanFactory     : Creating shared instance of singleton bean 'httpRequestHandlerAdapter'
2024-12-03T17:51:21.480+01:00 DEBUG 15630 --- [onboarding_system] [           main] o.s.b.f.s.DefaultListableBeanFactory     : Creating shared instance of singleton bean 'simpleControllerHandlerAdapter'
2024-12-03T17:51:21.480+01:00 DEBUG 15630 --- [onboarding_system] [           main] o.s.b.f.s.DefaultListableBeanFactory     : Creating shared instance of singleton bean 'handlerExceptionResolver'
2024-12-03T17:51:21.480+01:00 DEBUG 15630 --- [onboarding_system] [           main] o.s.b.f.s.DefaultListableBeanFactory     : Autowiring by type from bean name 'handlerExceptionResolver' via factory method to bean named 'mvcContentNegotiationManager'
2024-12-03T17:51:21.482+01:00 DEBUG 15630 --- [onboarding_system] [           main] .m.m.a.ExceptionHandlerExceptionResolver : ControllerAdvice beans: 0 @ExceptionHandler, 1 ResponseBodyAdvice
[...]

   ReactiveElasticsearchClientAutoConfiguration:
      Did not match:
         - @ConditionalOnClass did not find required class 'co.elastic.clients.transport.ElasticsearchTransport' (OnClassCondition)

   ReactiveElasticsearchRepositoriesAutoConfiguration:
      Did not match:
         - @ConditionalOnClass did not find required class 'reactor.core.publisher.Mono' (OnClassCondition)

   ReactiveMultipartAutoConfiguration:
      Did not match:
         - @ConditionalOnClass did not find required class 'org.springframework.web.reactive.config.WebFluxConfigurer' (OnClassCondition)

   ReactiveOAuth2ClientAutoConfiguration:
      Did not match:
         - @ConditionalOnClass did not find required class 'reactor.core.publisher.Flux' (OnClassCondition)

   ReactiveOAuth2ResourceServerAutoConfiguration:
      Did not match:
         - @ConditionalOnClass did not find required class 'org.springframework.security.config.annotation.web.reactive.EnableWebFluxSecurity' (OnClassCondition)

   ReactiveSecurityAutoConfiguration:
      Did not match:
         - @ConditionalOnClass did not find required class 'reactor.core.publisher.Flux' (OnClassCondition)

   ReactiveUserDetailsServiceAutoConfiguration:
      Did not match:
         - @ConditionalOnClass did not find required class 'org.springframework.security.authentication.ReactiveAuthenticationManager' (OnClassCondition)

   ReactiveWebServerFactoryAutoConfiguration:
      Did not match:
         - @ConditionalOnWebApplication did not find reactive web application classes (OnWebApplicationCondition)

   ReactorAutoConfiguration:
      Did not match:
         - @ConditionalOnClass did not find required class 'reactor.core.publisher.Hooks' (OnClassCondition)

   RedisAutoConfiguration:
      Did not match:
         - @ConditionalOnClass did not find required class 'org.springframework.data.redis.core.RedisOperations' (OnClassCondition)

   RedisCacheConfiguration:
      Did not match:
         - @ConditionalOnClass did not find required class 'org.springframework.data.redis.connection.RedisConnectionFactory' (OnClassCondition)

   RedisReactiveAutoConfiguration:
      Did not match:
         - @ConditionalOnClass did not find required class 'reactor.core.publisher.Flux' (OnClassCondition)

   RedisRepositoriesAutoConfiguration:
      Did not match:
         - @ConditionalOnClass did not find required class 'org.springframework.data.redis.repository.configuration.EnableRedisRepositories' (OnClassCondition)

   RepositoryRestMvcAutoConfiguration:
      Did not match:
         - @ConditionalOnClass did not find required class 'org.springframework.data.rest.webmvc.config.RepositoryRestMvcConfiguration' (OnClassCondition)

   Saml2RelyingPartyAutoConfiguration:
      Did not match:
         - @ConditionalOnClass did not find required class 'org.springframework.security.saml2.provider.service.registration.RelyingPartyRegistrationRepository' (OnClassCondition)

   SecurityAutoConfiguration:
      Did not match:
         - @ConditionalOnClass did not find required class 'org.springframework.security.authentication.DefaultAuthenticationEventPublisher' (OnClassCondition)

   SecurityFilterAutoConfiguration:
      Did not match:
         - @ConditionalOnClass did not find required class 'org.springframework.security.config.http.SessionCreationPolicy' (OnClassCondition)

   SendGridAutoConfiguration:
      Did not match:
         - @ConditionalOnClass did not find required class 'com.sendgrid.SendGrid' (OnClassCondition)

   ServletWebServerFactoryAutoConfiguration.ForwardedHeaderFilterConfiguration:
      Did not match:
         - @ConditionalOnProperty (server.forward-headers-strategy=framework) did not find property 'server.forward-headers-strategy' (OnPropertyCondition)

   ServletWebServerFactoryConfiguration.EmbeddedJetty:
      Did not match:
         - @ConditionalOnClass did not find required classes 'org.eclipse.jetty.server.Server', 'org.eclipse.jetty.util.Loader', 'org.eclipse.jetty.ee10.webapp.WebAppContext' (OnClassCondition)

   ServletWebServerFactoryConfiguration.EmbeddedUndertow:
      Did not match:
         - @ConditionalOnClass did not find required classes 'io.undertow.Undertow', 'org.xnio.SslClientAuthMode' (OnClassCondition)

   SessionAutoConfiguration:
      Did not match:
         - @ConditionalOnClass did not find required class 'org.springframework.session.Session' (OnClassCondition)

   SpringApplicationAdminJmxAutoConfiguration:
      Did not match:
         - @ConditionalOnProperty (spring.application.admin.enabled=true) did not find property 'enabled' (OnPropertyCondition)

   TaskExecutorConfigurations.SimpleAsyncTaskExecutorBuilderConfiguration#simpleAsyncTaskExecutorBuilderVirtualThreads:
      Did not match:
         - @ConditionalOnMissingBean (types: org.springframework.boot.task.SimpleAsyncTaskExecutorBuilder; SearchStrategy: all) found beans of type 'org.springframework.boot.task.SimpleAsyncTaskExecutorBuilder' simpleAsyncTaskExecutorBuilder (OnBeanCondition)

   TaskExecutorConfigurations.TaskExecutorConfiguration#applicationTaskExecutorVirtualThreads:
      Did not match:
         - @ConditionalOnThreading did not find VIRTUAL (OnThreadingCondition)

   TaskSchedulingAutoConfiguration#scheduledBeanLazyInitializationExcludeFilter:
      Did not match:
         - @ConditionalOnBean (names: org.springframework.context.annotation.internalScheduledAnnotationProcessor; SearchStrategy: all) did not find any beans named org.springframework.context.annotation.internalScheduledAnnotationProcessor (OnBeanCondition)

   TaskSchedulingConfigurations.SimpleAsyncTaskSchedulerBuilderConfiguration#simpleAsyncTaskSchedulerBuilderVirtualThreads:
      Did not match:
         - @ConditionalOnMissingBean (types: org.springframework.boot.task.SimpleAsyncTaskSchedulerBuilder; SearchStrategy: all) found beans of type 'org.springframework.boot.task.SimpleAsyncTaskSchedulerBuilder' simpleAsyncTaskSchedulerBuilder (OnBeanCondition)

   TaskSchedulingConfigurations.TaskSchedulerConfiguration:
      Did not match:
         - @ConditionalOnBean (names: org.springframework.context.annotation.internalScheduledAnnotationProcessor; SearchStrategy: all) did not find any beans named org.springframework.context.annotation.internalScheduledAnnotationProcessor (OnBeanCondition)

   TemplateEngineConfigurations.ReactiveTemplateEngineConfiguration:
      Did not match:
         - did not find reactive web application classes (OnWebApplicationCondition)

   ThymeleafAutoConfiguration.DataAttributeDialectConfiguration:
      Did not match:
         - @ConditionalOnClass did not find required class 'com.github.mxab.thymeleaf.extras.dataattribute.dialect.DataAttributeDialect' (OnClassCondition)

   ThymeleafAutoConfiguration.ThymeleafSecurityDialectConfiguration:
      Did not match:
         - @ConditionalOnClass did not find required classes 'org.thymeleaf.extras.springsecurity6.dialect.SpringSecurityDialect', 'org.springframework.security.web.server.csrf.CsrfToken' (OnClassCondition)

   ThymeleafAutoConfiguration.ThymeleafWebFluxConfiguration:
      Did not match:
         - did not find reactive web application classes (OnWebApplicationCondition)

   ThymeleafAutoConfiguration.ThymeleafWebLayoutConfiguration:
      Did not match:
         - @ConditionalOnClass did not find required class 'nz.net.ultraq.thymeleaf.layoutdialect.LayoutDialect' (OnClassCondition)

   ThymeleafAutoConfiguration.ThymeleafWebMvcConfiguration#resourceUrlEncodingFilter:
      Did not match:
         - @ConditionalOnEnabledResourceChain did not find class org.webjars.WebJarVersionLocator (OnEnabledResourceChainCondition)

   TransactionAutoConfiguration#transactionalOperator:
      Did not match:
         - @ConditionalOnSingleCandidate (types: org.springframework.transaction.ReactiveTransactionManager; SearchStrategy: all) did not find any beans (OnBeanCondition)

   TransactionAutoConfiguration.AspectJTransactionManagementConfiguration:
      Did not match:
         - @ConditionalOnBean (types: org.springframework.transaction.aspectj.AbstractTransactionAspect; SearchStrategy: all) did not find any beans of type org.springframework.transaction.aspectj.AbstractTransactionAspect (OnBeanCondition)

   TransactionAutoConfiguration.EnableTransactionManagementConfiguration.JdkDynamicAutoProxyConfiguration:
      Did not match:
         - @ConditionalOnProperty (spring.aop.proxy-target-class=false) did not find property 'proxy-target-class' (OnPropertyCondition)

   UserDetailsServiceAutoConfiguration:
      Did not match:
         - @ConditionalOnClass did not find required class 'org.springframework.security.authentication.AuthenticationManager' (OnClassCondition)

   ValidationAutoConfiguration:
      Did not match:
         - @ConditionalOnClass did not find required class 'jakarta.validation.executable.ExecutableValidator' (OnClassCondition)

   WebClientAutoConfiguration:
      Did not match:
         - @ConditionalOnClass did not find required class 'org.springframework.web.reactive.function.client.WebClient' (OnClassCondition)

   WebFluxAutoConfiguration:
      Did not match:
         - @ConditionalOnClass did not find required class 'org.springframework.web.reactive.config.WebFluxConfigurer' (OnClassCondition)

   WebMvcAutoConfiguration#hiddenHttpMethodFilter:
      Did not match:
         - @ConditionalOnProperty (spring.mvc.hiddenmethod.filter.enabled) did not find property 'enabled' (OnPropertyCondition)

   WebMvcAutoConfiguration.ProblemDetailsErrorHandlingConfiguration:
      Did not match:
         - @ConditionalOnProperty (spring.mvc.problemdetails.enabled=true) did not find property 'enabled' (OnPropertyCondition)

   WebMvcAutoConfiguration.ResourceChainCustomizerConfiguration:
      Did not match:
         - @ConditionalOnEnabledResourceChain did not find class org.webjars.WebJarVersionLocator (OnEnabledResourceChainCondition)

   WebMvcAutoConfiguration.WebMvcAutoConfigurationAdapter#beanNameViewResolver:
      Did not match:
         - @ConditionalOnMissingBean (types: org.springframework.web.servlet.view.BeanNameViewResolver; SearchStrategy: all) found beans of type 'org.springframework.web.servlet.view.BeanNameViewResolver' beanNameViewResolver (OnBeanCondition)

   WebServiceTemplateAutoConfiguration:
      Did not match:
         - @ConditionalOnClass did not find required class 'org.springframework.oxm.Marshaller' (OnClassCondition)

   WebServicesAutoConfiguration:
      Did not match:
         - @ConditionalOnClass did not find required class 'org.springframework.ws.transport.http.MessageDispatcherServlet' (OnClassCondition)

   WebSessionIdResolverAutoConfiguration:
      Did not match:
         - @ConditionalOnClass did not find required class 'reactor.core.publisher.Mono' (OnClassCondition)

   WebSocketMessagingAutoConfiguration:
      Did not match:
         - @ConditionalOnClass did not find required class 'org.springframework.web.socket.config.annotation.WebSocketMessageBrokerConfigurer' (OnClassCondition)

   WebSocketReactiveAutoConfiguration:
      Did not match:
         - @ConditionalOnWebApplication did not find reactive web application classes (OnWebApplicationCondition)

   WebSocketServletAutoConfiguration.JettyWebSocketConfiguration:
      Did not match:
         - @ConditionalOnClass did not find required class 'org.eclipse.jetty.ee10.websocket.jakarta.server.config.JakartaWebSocketServletContainerInitializer' (OnClassCondition)

   WebSocketServletAutoConfiguration.UndertowWebSocketConfiguration:
      Did not match:
         - @ConditionalOnClass did not find required class 'io.undertow.websockets.jsr.Bootstrap' (OnClassCondition)

   XADataSourceAutoConfiguration:
      Did not match:
         - @ConditionalOnBean (types: org.springframework.boot.jdbc.XADataSourceWrapper; SearchStrategy: all) did not find any beans of type org.springframework.boot.jdbc.XADataSourceWrapper (OnBeanCondition)
      Matched:
         - @ConditionalOnClass found required classes 'javax.sql.DataSource', 'jakarta.transaction.TransactionManager', 'org.springframework.jdbc.datasource.embedded.EmbeddedDatabaseType' (OnClassCondition)


Exclusions:
-----------

    None


Unconditional classes:
----------------------

    org.springframework.boot.autoconfigure.context.ConfigurationPropertiesAutoConfiguration

    org.springframework.boot.autoconfigure.ssl.SslAutoConfiguration

    org.springframework.boot.autoconfigure.context.LifecycleAutoConfiguration

    org.springframework.boot.autoconfigure.context.PropertyPlaceholderAutoConfiguration

    org.springframework.boot.autoconfigure.availability.ApplicationAvailabilityAutoConfiguration

    org.springframework.boot.autoconfigure.info.ProjectInfoAutoConfiguration



2024-12-03T17:51:21.552+01:00  INFO 15630 --- [onboarding_system] [           main] c.e.o.OnboardingSystemApplicationTests   : Started OnboardingSystemApplicationTests in 1.838 seconds (process running for 2.323)
2024-12-03T17:51:21.553+01:00 DEBUG 15630 --- [onboarding_system] [           main] o.s.b.a.ApplicationAvailabilityBean      : Application availability state LivenessState changed to CORRECT
2024-12-03T17:51:21.559+01:00 DEBUG 15630 --- [onboarding_system] [           main] o.s.b.a.ApplicationAvailabilityBean      : Application availability state ReadinessState changed to ACCEPTING_TRAFFIC
2024-12-03T17:51:21.560+01:00 DEBUG 15630 --- [onboarding_system] [           main] org.springframework.test.context.cache   : Spring test ApplicationContext cache statistics: [DefaultContextCache@3514df8d size = 1, maxSize = 32, parentContextCount = 0, hitCount = 0, missCount = 1, failureCount = 0]
2024-12-03T17:51:21.560+01:00 DEBUG 15630 --- [onboarding_system] [           main] o.s.t.c.w.ServletTestExecutionListener   : Setting up MockHttpServletRequest, MockHttpServletResponse, ServletWebRequest, and RequestContextHolder for test class com.example.onboarding_system.OnboardingSystemApplicationTests
2024-12-03T17:51:21.566+01:00 DEBUG 15630 --- [onboarding_system] [           main] DependencyInjectionTestExecutionListener : Performing dependency injection for test class com.example.onboarding_system.OnboardingSystemApplicationTests
2024-12-03T17:51:21.566+01:00 DEBUG 15630 --- [onboarding_system] [           main] org.springframework.test.context.cache   : Spring test ApplicationContext cache statistics: [DefaultContextCache@3514df8d size = 1, maxSize = 32, parentContextCount = 0, hitCount = 1, missCount = 1, failureCount = 0]
2024-12-03T17:51:21.567+01:00 DEBUG 15630 --- [onboarding_system] [           main] org.springframework.test.context.cache   : Spring test ApplicationContext cache statistics: [DefaultContextCache@3514df8d size = 1, maxSize = 32, parentContextCount = 0, hitCount = 2, missCount = 1, failureCount = 0]
2024-12-03T17:51:21.569+01:00 DEBUG 15630 --- [onboarding_system] [           main] sContextBeforeModesTestExecutionListener : Before test method: class [OnboardingSystemApplicationTests], method [contextLoads], class annotated with @DirtiesContext [false] with mode [null], method annotated with @DirtiesContext [false] with mode [null]
2024-12-03T17:51:21.570+01:00 DEBUG 15630 --- [onboarding_system] [           main] org.springframework.test.context.cache   : Spring test ApplicationContext cache statistics: [DefaultContextCache@3514df8d size = 1, maxSize = 32, parentContextCount = 0, hitCount = 3, missCount = 1, failureCount = 0]
2024-12-03T17:51:21.570+01:00 DEBUG 15630 --- [onboarding_system] [           main] org.springframework.test.context.cache   : Spring test ApplicationContext cache statistics: [DefaultContextCache@3514df8d size = 1, maxSize = 32, parentContextCount = 0, hitCount = 4, missCount = 1, failureCount = 0]
2024-12-03T17:51:21.888+01:00 DEBUG 15630 --- [onboarding_system] [           main] org.springframework.test.context.cache   : Spring test ApplicationContext cache statistics: [DefaultContextCache@3514df8d size = 1, maxSize = 32, parentContextCount = 0, hitCount = 5, missCount = 1, failureCount = 0]
2024-12-03T17:51:21.890+01:00 DEBUG 15630 --- [onboarding_system] [           main] org.springframework.test.context.cache   : Spring test ApplicationContext cache statistics: [DefaultContextCache@3514df8d size = 1, maxSize = 32, parentContextCount = 0, hitCount = 6, missCount = 1, failureCount = 0]
2024-12-03T17:51:21.892+01:00 DEBUG 15630 --- [onboarding_system] [           main] org.springframework.test.context.cache   : Spring test ApplicationContext cache statistics: [DefaultContextCache@3514df8d size = 1, maxSize = 32, parentContextCount = 0, hitCount = 7, missCount = 1, failureCount = 0]
2024-12-03T17:51:21.892+01:00 DEBUG 15630 --- [onboarding_system] [           main] org.springframework.test.context.cache   : Spring test ApplicationContext cache statistics: [DefaultContextCache@3514df8d size = 1, maxSize = 32, parentContextCount = 0, hitCount = 8, missCount = 1, failureCount = 0]
2024-12-03T17:51:21.892+01:00 DEBUG 15630 --- [onboarding_system] [           main] org.springframework.test.context.cache   : Spring test ApplicationContext cache statistics: [DefaultContextCache@3514df8d size = 1, maxSize = 32, parentContextCount = 0, hitCount = 9, missCount = 1, failureCount = 0]
2024-12-03T17:51:21.892+01:00 DEBUG 15630 --- [onboarding_system] [           main] org.springframework.test.context.cache   : Spring test ApplicationContext cache statistics: [DefaultContextCache@3514df8d size = 1, maxSize = 32, parentContextCount = 0, hitCount = 10, missCount = 1, failureCount = 0]
2024-12-03T17:51:21.893+01:00 DEBUG 15630 --- [onboarding_system] [           main] org.springframework.test.context.cache   : Spring test ApplicationContext cache statistics: [DefaultContextCache@3514df8d size = 1, maxSize = 32, parentContextCount = 0, hitCount = 11, missCount = 1, failureCount = 0]
2024-12-03T17:51:21.893+01:00 DEBUG 15630 --- [onboarding_system] [           main] org.springframework.test.context.cache   : Spring test ApplicationContext cache statistics: [DefaultContextCache@3514df8d size = 1, maxSize = 32, parentContextCount = 0, hitCount = 12, missCount = 1, failureCount = 0]
2024-12-03T17:51:21.894+01:00 DEBUG 15630 --- [onboarding_system] [           main] org.springframework.test.context.cache   : Spring test ApplicationContext cache statistics: [DefaultContextCache@3514df8d size = 1, maxSize = 32, parentContextCount = 0, hitCount = 13, missCount = 1, failureCount = 0]
2024-12-03T17:51:21.894+01:00 DEBUG 15630 --- [onboarding_system] [           main] .c.s.DirtiesContextTestExecutionListener : After test method: class [OnboardingSystemApplicationTests], method [contextLoads], class annotated with @DirtiesContext [false] with mode [null], method annotated with @DirtiesContext [false] with mode [null]
2024-12-03T17:51:21.894+01:00 DEBUG 15630 --- [onboarding_system] [           main] o.s.t.c.w.ServletTestExecutionListener   : Resetting RequestContextHolder for test class com.example.onboarding_system.OnboardingSystemApplicationTests
]]></system-out>
    <system-err><![CDATA[Mockito is currently self-attaching to enable the inline-mock-maker. This will no longer work in future releases of the JDK. Please add Mockito as an agent to your build what is described in Mockito's documentation: https://javadoc.io/doc/org.mockito/mockito-core/latest/org/mockito/Mockito.html#0.3
WARNING: A Java agent has been loaded dynamically (/Users/berkinozturk/.m2/repository/net/bytebuddy/byte-buddy-agent/1.15.10/byte-buddy-agent-1.15.10.jar)
WARNING: If a serviceability tool is in use, please run with -XX:+EnableDynamicAgentLoading to hide this warning
WARNING: If a serviceability tool is not in use, please run with -Djdk.instrument.traceUsage for more information
WARNING: Dynamic loading of agents will be disallowed by default in a future release
]]></system-err>
  </testcase>
</testsuite>